{"/Users/ykwasi/Documents/Appcelerator_Studio_Workspace/testTiUnit/app/controllers/index.js":{"path":"/Users/ykwasi/Documents/Appcelerator_Studio_Workspace/testTiUnit/app/controllers/index.js","s":{"1":1,"2":1,"3":1,"4":1,"5":2,"6":1,"7":1,"8":1,"9":1,"10":1,"11":1,"12":1},"b":{"1":[1,1]},"f":{"1":1,"2":2},"fnMap":{"1":{"name":"doClick","line":1,"loc":{"start":{"line":1,"column":0},"end":{"line":1,"column":20}}},"2":{"name":"isNetworkPresent","line":11,"loc":{"start":{"line":11,"column":0},"end":{"line":11,"column":28}}}},"statementMap":{"1":{"start":{"line":1,"column":0},"end":{"line":7,"column":1}},"2":{"start":{"line":2,"column":4},"end":{"line":6,"column":14}},"3":{"start":{"line":9,"column":0},"end":{"line":9,"column":15}},"4":{"start":{"line":11,"column":0},"end":{"line":21,"column":1}},"5":{"start":{"line":12,"column":4},"end":{"line":20,"column":5}},"6":{"start":{"line":13,"column":8},"end":{"line":13,"column":65}},"7":{"start":{"line":14,"column":8},"end":{"line":14,"column":50}},"8":{"start":{"line":15,"column":8},"end":{"line":15,"column":21}},"9":{"start":{"line":17,"column":8},"end":{"line":17,"column":32}},"10":{"start":{"line":18,"column":8},"end":{"line":18,"column":46}},"11":{"start":{"line":19,"column":8},"end":{"line":19,"column":20}},"12":{"start":{"line":23,"column":0},"end":{"line":26,"column":2}}},"branchMap":{"1":{"line":12,"type":"if","locations":[{"start":{"line":12,"column":4},"end":{"line":12,"column":4}},{"start":{"line":12,"column":4},"end":{"line":12,"column":4}}]}}},"/Users/ykwasi/Documents/Appcelerator_Studio_Workspace/testTiUnit/app/alloy.js":{"path":"/Users/ykwasi/Documents/Appcelerator_Studio_Workspace/testTiUnit/app/alloy.js","s":{},"b":{},"f":{},"fnMap":{},"statementMap":{},"branchMap":{}}}