TN:
SF:/Users/ykwasi/Github/testTiUnit/app/alloy.js
FN:24,(anonymous_1)
FN:28,(anonymous_2)
FN:39,(anonymous_3)
FN:53,(anonymous_4)
FN:60,(anonymous_5)
FN:71,(anonymous_6)
FN:98,(anonymous_7)
FN:99,(anonymous_8)
FN:102,(anonymous_9)
FN:111,(anonymous_10)
FN:138,(anonymous_11)
FN:184,(anonymous_12)
FN:198,(anonymous_13)
FN:202,(anonymous_14)
FN:210,(anonymous_15)
FN:218,(anonymous_16)
FN:222,(anonymous_17)
FN:226,(anonymous_18)
FN:242,(anonymous_19)
FN:246,recordHistoryEvent
FNF:20
FNH:2
FNDA:0,(anonymous_1)
FNDA:0,(anonymous_2)
FNDA:0,(anonymous_3)
FNDA:0,(anonymous_4)
FNDA:0,(anonymous_5)
FNDA:0,(anonymous_6)
FNDA:0,(anonymous_7)
FNDA:0,(anonymous_8)
FNDA:0,(anonymous_9)
FNDA:0,(anonymous_10)
FNDA:1,(anonymous_11)
FNDA:0,(anonymous_12)
FNDA:0,(anonymous_13)
FNDA:0,(anonymous_14)
FNDA:0,(anonymous_15)
FNDA:0,(anonymous_16)
FNDA:0,(anonymous_17)
FNDA:0,(anonymous_18)
FNDA:1,(anonymous_19)
FNDA:0,recordHistoryEvent
DA:14,1
DA:15,1
DA:16,1
DA:17,1
DA:24,1
DA:25,0
DA:28,1
DA:29,0
DA:30,0
DA:32,0
DA:39,1
DA:40,0
DA:41,0
DA:43,0
DA:44,0
DA:53,1
DA:54,0
DA:60,1
DA:61,0
DA:62,0
DA:65,0
DA:66,0
DA:68,0
DA:71,0
DA:72,0
DA:73,0
DA:74,0
DA:75,0
DA:77,0
DA:78,0
DA:81,0
DA:83,0
DA:87,0
DA:98,1
DA:99,0
DA:100,0
DA:102,0
DA:103,0
DA:111,1
DA:112,0
DA:113,0
DA:120,1
DA:123,1
DA:126,1
DA:128,1
DA:130,1
DA:132,1
DA:138,1
DA:139,1
DA:142,1
DA:143,1
DA:144,1
DA:147,1
DA:149,1
DA:173,1
DA:176,1
DA:177,1
DA:184,1
DA:185,0
DA:186,0
DA:187,0
DA:198,1
DA:199,0
DA:202,1
DA:203,0
DA:209,1
DA:210,1
DA:211,0
DA:214,1
DA:218,1
DA:219,0
DA:222,1
DA:223,0
DA:226,1
DA:227,0
DA:228,0
DA:231,0
DA:242,1
DA:243,1
DA:246,1
DA:247,0
DA:248,0
DA:256,0
DA:257,0
DA:260,0
DA:261,0
DA:262,0
DA:264,0
DA:266,0
DA:267,0
DA:271,0
DA:272,0
DA:274,0
DA:277,1
DA:282,1
DA:285,1
DA:287,1
LF:97
LH:43
BRDA:25,1,0,0
BRDA:25,1,1,0
BRDA:29,2,0,0
BRDA:29,2,1,0
BRDA:40,3,0,0
BRDA:40,3,1,0
BRDA:43,4,0,0
BRDA:43,4,1,0
BRDA:65,5,0,0
BRDA:65,5,1,0
BRDA:65,6,0,0
BRDA:65,6,1,0
BRDA:73,7,0,0
BRDA:73,7,1,0
BRDA:77,8,0,0
BRDA:77,8,1,0
BRDA:185,9,0,0
BRDA:185,9,1,0
BRDA:185,9,2,0
BRDA:186,10,0,0
BRDA:186,10,1,0
BRDA:219,11,0,0
BRDA:219,11,1,0
BRDA:227,12,0,0
BRDA:227,12,1,0
BRDA:247,13,0,0
BRDA:247,13,1,0
BRDA:249,14,0,0
BRDA:249,14,1,0
BRDA:250,15,0,0
BRDA:250,15,1,0
BRDA:252,16,0,0
BRDA:252,16,1,0
BRDA:256,17,0,0
BRDA:256,17,1,0
BRDA:260,18,0,0
BRDA:260,18,1,0
BRDA:260,19,0,0
BRDA:260,19,1,0
BRDA:260,19,2,0
BRDA:261,20,0,0
BRDA:261,20,1,0
BRDA:266,21,0,0
BRDA:266,21,1,0
BRF:44
BRH:0
end_of_record
TN:
SF:/Users/ykwasi/Github/testTiUnit/app/controllers/associate/login.js
FN:80,init
FN:137,deinit
FN:181,onCountryChange
FN:193,(anonymous_4)
FN:209,onLanguageChange
FN:226,onCountryApplyClick
FN:230,(anonymous_7)
FN:256,onChangeCountryClick
FN:268,updateLabels
FN:303,showCountrySelector
FN:315,hideCountrySelector
FN:327,doLogin
FN:342,(anonymous_13)
FN:349,(anonymous_14)
FN:362,(anonymous_15)
FN:371,(anonymous_16)
FN:381,showPasswordChangedSuccessfully
FN:398,validatePassword
FN:408,changePassword
FN:431,(anonymous_20)
FN:439,(anonymous_21)
FN:445,(anonymous_22)
FN:456,getAssociateId
FN:464,(anonymous_24)
FN:474,getNewPassword
FN:490,validateAssociateExists
FN:503,(anonymous_27)
FN:515,(anonymous_28)
FN:521,(anonymous_29)
FN:532,doForgotPassword
FN:541,(anonymous_31)
FN:546,(anonymous_32)
FN:566,resetLoginForm
FN:573,(anonymous_34)
FN:608,renderError
FN:643,resetError
FNF:36
FNH:31
FNDA:1,init
FNDA:1,deinit
FNDA:2,onCountryChange
FNDA:0,(anonymous_4)
FNDA:2,onLanguageChange
FNDA:1,onCountryApplyClick
FNDA:1,(anonymous_7)
FNDA:1,onChangeCountryClick
FNDA:2,updateLabels
FNDA:2,showCountrySelector
FNDA:5,hideCountrySelector
FNDA:2,doLogin
FNDA:1,(anonymous_13)
FNDA:0,(anonymous_14)
FNDA:1,(anonymous_15)
FNDA:2,(anonymous_16)
FNDA:1,showPasswordChangedSuccessfully
FNDA:3,validatePassword
FNDA:2,changePassword
FNDA:1,(anonymous_20)
FNDA:1,(anonymous_21)
FNDA:2,(anonymous_22)
FNDA:1,getAssociateId
FNDA:0,(anonymous_24)
FNDA:3,getNewPassword
FNDA:4,validateAssociateExists
FNDA:3,(anonymous_27)
FNDA:1,(anonymous_28)
FNDA:4,(anonymous_29)
FNDA:7,doForgotPassword
FNDA:0,(anonymous_31)
FNDA:0,(anonymous_32)
FNDA:3,resetLoginForm
FNDA:1,(anonymous_34)
FNDA:8,renderError
FNDA:29,resetError
DA:9,3
DA:10,3
DA:12,3
DA:13,3
DA:14,3
DA:15,3
DA:16,3
DA:17,3
DA:18,3
DA:19,3
DA:20,3
DA:21,3
DA:22,3
DA:23,3
DA:24,3
DA:27,3
DA:28,3
DA:29,3
DA:34,3
DA:35,3
DA:38,3
DA:40,3
DA:41,3
DA:43,3
DA:44,3
DA:45,3
DA:47,3
DA:48,3
DA:51,3
DA:53,3
DA:54,3
DA:55,3
DA:58,3
DA:59,0
DA:62,3
DA:68,3
DA:69,3
DA:80,1
DA:81,1
DA:82,1
DA:83,1
DA:84,1
DA:85,1
DA:86,1
DA:87,1
DA:88,1
DA:89,1
DA:90,1
DA:91,1
DA:92,1
DA:93,1
DA:94,1
DA:95,1
DA:96,1
DA:98,0
DA:99,0
DA:101,1
DA:103,1
DA:104,1
DA:105,1
DA:106,1
DA:107,1
DA:110,1
DA:111,1
DA:112,1
DA:113,1
DA:114,1
DA:115,1
DA:116,1
DA:117,1
DA:118,1
DA:119,1
DA:120,0
DA:121,0
DA:123,1
DA:124,1
DA:126,1
DA:127,1
DA:128,1
DA:137,1
DA:138,1
DA:140,1
DA:142,1
DA:143,1
DA:146,1
DA:148,1
DA:149,1
DA:151,1
DA:152,1
DA:153,1
DA:155,1
DA:156,1
DA:158,1
DA:159,1
DA:160,1
DA:161,1
DA:162,1
DA:163,1
DA:166,1
DA:168,1
DA:169,1
DA:181,1
DA:182,2
DA:183,2
DA:184,1
DA:185,1
DA:186,1
DA:188,1
DA:194,0
DA:197,1
DA:198,1
DA:209,1
DA:210,2
DA:211,1
DA:212,1
DA:213,1
DA:214,1
DA:216,1
DA:226,1
DA:228,1
DA:229,1
DA:230,1
DA:232,1
DA:233,1
DA:236,1
DA:237,1
DA:238,1
DA:239,1
DA:240,1
DA:241,1
DA:242,1
DA:243,1
DA:244,1
DA:246,1
DA:256,1
DA:257,1
DA:258,1
DA:259,1
DA:268,1
DA:269,2
DA:270,2
DA:271,2
DA:272,2
DA:273,2
DA:274,2
DA:275,2
DA:276,2
DA:277,2
DA:278,2
DA:279,2
DA:280,2
DA:281,2
DA:282,2
DA:283,2
DA:284,2
DA:285,2
DA:286,2
DA:287,2
DA:288,2
DA:289,2
DA:290,2
DA:291,2
DA:292,2
DA:293,2
DA:294,2
DA:295,2
DA:303,1
DA:304,2
DA:305,2
DA:306,2
DA:307,2
DA:315,1
DA:316,5
DA:317,5
DA:318,5
DA:319,5
DA:327,1
DA:328,2
DA:329,2
DA:330,2
DA:331,2
DA:333,2
DA:334,0
DA:335,0
DA:337,2
DA:338,2
DA:339,2
DA:344,1
DA:345,0
DA:346,0
DA:347,0
DA:349,1
DA:350,0
DA:351,0
DA:352,0
DA:356,1
DA:357,1
DA:359,1
DA:363,1
DA:364,1
DA:365,0
DA:366,1
DA:367,0
DA:369,1
DA:370,1
DA:372,2
DA:381,1
DA:382,1
DA:383,1
DA:384,1
DA:385,1
DA:387,1
DA:388,1
DA:398,1
DA:400,3
DA:408,1
DA:409,2
DA:411,2
DA:412,0
DA:413,0
DA:416,2
DA:417,0
DA:418,0
DA:421,2
DA:422,0
DA:423,0
DA:426,2
DA:428,2
DA:429,2
DA:430,2
DA:431,2
DA:432,1
DA:433,0
DA:434,1
DA:435,0
DA:436,1
DA:437,1
DA:440,1
DA:441,0
DA:443,1
DA:446,2
DA:456,1
DA:457,1
DA:459,1
DA:460,1
DA:461,1
DA:462,1
DA:464,1
DA:465,0
DA:474,1
DA:475,3
DA:477,3
DA:478,3
DA:479,3
DA:480,3
DA:482,3
DA:490,1
DA:491,4
DA:492,0
DA:493,0
DA:496,4
DA:498,4
DA:499,4
DA:500,4
DA:504,3
DA:505,2
DA:509,2
DA:510,1
DA:511,1
DA:513,0
DA:516,1
DA:517,1
DA:519,0
DA:522,4
DA:532,1
DA:533,7
DA:534,7
DA:535,7
DA:537,7
DA:538,7
DA:542,0
DA:543,0
DA:547,0
DA:551,7
DA:552,7
DA:553,7
DA:555,7
DA:556,7
DA:558,7
DA:566,1
DA:567,3
DA:568,0
DA:569,0
DA:572,3
DA:573,1
DA:574,1
DA:575,1
DA:577,0
DA:581,3
DA:582,3
DA:583,3
DA:584,3
DA:585,3
DA:586,3
DA:587,3
DA:588,3
DA:589,3
DA:590,3
DA:591,3
DA:592,3
DA:593,3
DA:594,3
DA:595,3
DA:596,3
DA:597,3
DA:598,3
DA:599,3
DA:600,3
DA:608,1
DA:609,8
DA:611,8
DA:612,8
DA:613,1
DA:614,1
DA:615,7
DA:616,6
DA:617,6
DA:618,1
DA:619,1
DA:620,1
DA:622,0
DA:625,8
DA:626,8
DA:628,8
DA:629,0
DA:631,8
DA:633,8
DA:634,8
DA:635,8
DA:643,1
DA:644,29
DA:645,20
DA:646,1
DA:647,1
DA:648,19
DA:649,17
DA:650,17
DA:651,2
DA:652,2
DA:653,2
DA:655,0
DA:658,29
DA:659,29
DA:660,29
DA:661,29
DA:662,29
DA:665,3
DA:666,3
LF:358
LH:319
BRDA:40,1,0,3
BRDA:40,1,1,0
BRDA:51,2,0,3
BRDA:51,2,1,0
BRDA:58,3,0,0
BRDA:58,3,1,3
BRDA:84,4,0,1
BRDA:84,4,1,0
BRDA:105,5,0,1
BRDA:105,5,1,0
BRDA:105,6,0,1
BRDA:105,6,1,1
BRDA:119,7,0,0
BRDA:119,7,1,1
BRDA:119,8,0,1
BRDA:119,8,1,0
BRDA:126,9,0,1
BRDA:126,9,1,0
BRDA:140,10,0,1
BRDA:140,10,1,1
BRDA:148,11,0,1
BRDA:148,11,1,0
BRDA:158,12,0,1
BRDA:158,12,1,0
BRDA:183,13,0,1
BRDA:183,13,1,1
BRDA:183,14,0,2
BRDA:183,14,1,2
BRDA:210,15,0,1
BRDA:210,15,1,1
BRDA:292,16,0,2
BRDA:292,16,1,2
BRDA:333,17,0,0
BRDA:333,17,1,2
BRDA:333,18,0,2
BRDA:333,18,1,2
BRDA:344,19,0,0
BRDA:344,19,1,1
BRDA:364,20,0,0
BRDA:364,20,1,1
BRDA:364,21,0,1
BRDA:364,21,1,0
BRDA:366,22,0,0
BRDA:366,22,1,1
BRDA:366,23,0,1
BRDA:366,23,1,0
BRDA:411,24,0,0
BRDA:411,24,1,2
BRDA:411,25,0,2
BRDA:411,25,1,2
BRDA:416,26,0,0
BRDA:416,26,1,2
BRDA:421,27,0,0
BRDA:421,27,1,2
BRDA:428,28,0,2
BRDA:428,28,1,0
BRDA:432,29,0,0
BRDA:432,29,1,1
BRDA:432,30,0,1
BRDA:432,30,1,1
BRDA:434,31,0,0
BRDA:434,31,1,1
BRDA:434,32,0,1
BRDA:434,32,1,1
BRDA:434,32,2,1
BRDA:436,33,0,1
BRDA:436,33,1,0
BRDA:436,34,0,1
BRDA:436,34,1,1
BRDA:440,35,0,0
BRDA:440,35,1,1
BRDA:440,36,0,1
BRDA:440,36,1,0
BRDA:491,37,0,0
BRDA:491,37,1,4
BRDA:504,38,0,2
BRDA:504,38,1,1
BRDA:504,39,0,3
BRDA:504,39,1,2
BRDA:510,40,0,1
BRDA:510,40,1,0
BRDA:510,41,0,1
BRDA:510,41,1,1
BRDA:516,42,0,1
BRDA:516,42,1,0
BRDA:516,43,0,1
BRDA:516,43,1,1
BRDA:542,44,0,0
BRDA:542,44,1,0
BRDA:542,45,0,0
BRDA:542,45,1,0
BRDA:567,46,0,0
BRDA:567,46,1,3
BRDA:572,47,0,1
BRDA:572,47,1,2
BRDA:572,48,0,3
BRDA:572,48,1,1
BRDA:574,49,0,1
BRDA:574,49,1,0
BRDA:574,50,0,1
BRDA:574,50,1,1
BRDA:611,51,0,8
BRDA:611,51,1,0
BRDA:611,52,0,8
BRDA:611,52,1,8
BRDA:612,53,0,1
BRDA:612,53,1,7
BRDA:615,54,0,6
BRDA:615,54,1,1
BRDA:618,55,0,1
BRDA:618,55,1,0
BRDA:628,56,0,0
BRDA:628,56,1,8
BRDA:628,57,0,8
BRDA:628,57,1,8
BRDA:628,57,2,0
BRDA:644,58,0,20
BRDA:644,58,1,9
BRDA:644,59,0,29
BRDA:644,59,1,20
BRDA:645,60,0,1
BRDA:645,60,1,19
BRDA:648,61,0,17
BRDA:648,61,1,2
BRDA:651,62,0,2
BRDA:651,62,1,0
BRDA:665,63,0,3
BRDA:665,63,1,0
BRF:128
BRH:88
end_of_record
TN:
SF:/Users/ykwasi/Github/testTiUnit/app/assets/alloy/backbone.js
FN:8,(anonymous_1)
FN:49,(anonymous_2)
FN:74,(anonymous_3)
FN:94,(anonymous_4)
FN:136,(anonymous_5)
FN:151,(anonymous_6)
FN:155,(anonymous_7)
FN:168,(anonymous_8)
FN:210,(anonymous_9)
FN:227,(anonymous_10)
FN:237,(anonymous_11)
FN:270,(anonymous_12)
FN:299,(anonymous_13)
FN:303,(anonymous_14)
FN:308,(anonymous_15)
FN:313,(anonymous_16)
FN:318,(anonymous_17)
FN:324,(anonymous_18)
FN:332,(anonymous_19)
FN:415,(anonymous_20)
FN:424,(anonymous_21)
FN:436,(anonymous_22)
FN:448,(anonymous_23)
FN:464,(anonymous_24)
FN:472,(anonymous_25)
FN:481,(anonymous_26)
FN:487,(anonymous_27)
FN:499,(anonymous_28)
FN:537,(anonymous_29)
FN:566,(anonymous_30)
FN:571,(anonymous_31)
FN:575,(anonymous_32)
FN:596,(anonymous_33)
FN:605,(anonymous_34)
FN:610,(anonymous_35)
FN:615,(anonymous_36)
FN:620,(anonymous_37)
FN:627,(anonymous_38)
FN:645,(anonymous_39)
FN:670,(anonymous_40)
FN:675,(anonymous_41)
FN:676,(anonymous_42)
FN:682,(anonymous_43)
FN:687,(anonymous_44)
FN:771,(anonymous_45)
FN:798,(anonymous_46)
FN:807,(anonymous_47)
FN:814,(anonymous_48)
FN:823,(anonymous_49)
FN:830,(anonymous_50)
FN:835,(anonymous_51)
FN:844,(anonymous_52)
FN:849,(anonymous_53)
FN:852,(anonymous_54)
FN:864,(anonymous_55)
FN:883,(anonymous_56)
FN:889,(anonymous_57)
FN:944,(anonymous_58)
FN:966,(anonymous_59)
FN:972,(anonymous_60)
FN:984,(anonymous_61)
FN:992,(anonymous_62)
FN:1004,(anonymous_63)
FN:1009,(anonymous_64)
FN:1014,(anonymous_65)
FN:1021,(anonymous_66)
FN:1036,(anonymous_67)
FN:1046,(anonymous_68)
FN:1059,(anonymous_69)
FN:1061,(anonymous_70)
FN:1072,(anonymous_71)
FN:1073,(anonymous_72)
FN:1084,(anonymous_73)
FN:1085,(anonymous_74)
FN:1086,(anonymous_75)
FN:1098,(anonymous_76)
FN:1118,(anonymous_77)
FN:1127,(anonymous_78)
FN:1132,(anonymous_79)
FN:1143,(anonymous_80)
FN:1151,(anonymous_81)
FN:1163,(anonymous_82)
FN:1164,(anonymous_83)
FN:1172,(anonymous_84)
FN:1182,(anonymous_85)
FN:1217,(anonymous_86)
FN:1224,(anonymous_87)
FN:1240,(anonymous_88)
FN:1303,(anonymous_89)
FN:1311,(anonymous_90)
FN:1320,(anonymous_91)
FN:1335,(anonymous_92)
FN:1337,(anonymous_93)
FN:1353,(anonymous_94)
FN:1394,(anonymous_95)
FN:1413,(anonymous_96)
FN:1435,(anonymous_97)
FN:1441,(anonymous_98)
FN:1447,(anonymous_99)
FN:1453,(anonymous_100)
FN:1461,(anonymous_101)
FN:1486,(anonymous_102)
FN:1512,(anonymous_103)
FN:1519,(anonymous_104)
FN:1530,(anonymous_105)
FN:1572,(anonymous_106)
FN:1613,(anonymous_107)
FN:1626,(anonymous_108)
FN:1633,(anonymous_109)
FN:1646,(anonymous_110)
FN:1656,(anonymous_111)
FN:1666,(anonymous_112)
FN:1676,(anonymous_113)
FN:1698,(anonymous_114)
FNF:114
FNH:0
FNDA:0,(anonymous_1)
FNDA:0,(anonymous_2)
FNDA:0,(anonymous_3)
FNDA:0,(anonymous_4)
FNDA:0,(anonymous_5)
FNDA:0,(anonymous_6)
FNDA:0,(anonymous_7)
FNDA:0,(anonymous_8)
FNDA:0,(anonymous_9)
FNDA:0,(anonymous_10)
FNDA:0,(anonymous_11)
FNDA:0,(anonymous_12)
FNDA:0,(anonymous_13)
FNDA:0,(anonymous_14)
FNDA:0,(anonymous_15)
FNDA:0,(anonymous_16)
FNDA:0,(anonymous_17)
FNDA:0,(anonymous_18)
FNDA:0,(anonymous_19)
FNDA:0,(anonymous_20)
FNDA:0,(anonymous_21)
FNDA:0,(anonymous_22)
FNDA:0,(anonymous_23)
FNDA:0,(anonymous_24)
FNDA:0,(anonymous_25)
FNDA:0,(anonymous_26)
FNDA:0,(anonymous_27)
FNDA:0,(anonymous_28)
FNDA:0,(anonymous_29)
FNDA:0,(anonymous_30)
FNDA:0,(anonymous_31)
FNDA:0,(anonymous_32)
FNDA:0,(anonymous_33)
FNDA:0,(anonymous_34)
FNDA:0,(anonymous_35)
FNDA:0,(anonymous_36)
FNDA:0,(anonymous_37)
FNDA:0,(anonymous_38)
FNDA:0,(anonymous_39)
FNDA:0,(anonymous_40)
FNDA:0,(anonymous_41)
FNDA:0,(anonymous_42)
FNDA:0,(anonymous_43)
FNDA:0,(anonymous_44)
FNDA:0,(anonymous_45)
FNDA:0,(anonymous_46)
FNDA:0,(anonymous_47)
FNDA:0,(anonymous_48)
FNDA:0,(anonymous_49)
FNDA:0,(anonymous_50)
FNDA:0,(anonymous_51)
FNDA:0,(anonymous_52)
FNDA:0,(anonymous_53)
FNDA:0,(anonymous_54)
FNDA:0,(anonymous_55)
FNDA:0,(anonymous_56)
FNDA:0,(anonymous_57)
FNDA:0,(anonymous_58)
FNDA:0,(anonymous_59)
FNDA:0,(anonymous_60)
FNDA:0,(anonymous_61)
FNDA:0,(anonymous_62)
FNDA:0,(anonymous_63)
FNDA:0,(anonymous_64)
FNDA:0,(anonymous_65)
FNDA:0,(anonymous_66)
FNDA:0,(anonymous_67)
FNDA:0,(anonymous_68)
FNDA:0,(anonymous_69)
FNDA:0,(anonymous_70)
FNDA:0,(anonymous_71)
FNDA:0,(anonymous_72)
FNDA:0,(anonymous_73)
FNDA:0,(anonymous_74)
FNDA:0,(anonymous_75)
FNDA:0,(anonymous_76)
FNDA:0,(anonymous_77)
FNDA:0,(anonymous_78)
FNDA:0,(anonymous_79)
FNDA:0,(anonymous_80)
FNDA:0,(anonymous_81)
FNDA:0,(anonymous_82)
FNDA:0,(anonymous_83)
FNDA:0,(anonymous_84)
FNDA:0,(anonymous_85)
FNDA:0,(anonymous_86)
FNDA:0,(anonymous_87)
FNDA:0,(anonymous_88)
FNDA:0,(anonymous_89)
FNDA:0,(anonymous_90)
FNDA:0,(anonymous_91)
FNDA:0,(anonymous_92)
FNDA:0,(anonymous_93)
FNDA:0,(anonymous_94)
FNDA:0,(anonymous_95)
FNDA:0,(anonymous_96)
FNDA:0,(anonymous_97)
FNDA:0,(anonymous_98)
FNDA:0,(anonymous_99)
FNDA:0,(anonymous_100)
FNDA:0,(anonymous_101)
FNDA:0,(anonymous_102)
FNDA:0,(anonymous_103)
FNDA:0,(anonymous_104)
FNDA:0,(anonymous_105)
FNDA:0,(anonymous_106)
FNDA:0,(anonymous_107)
FNDA:0,(anonymous_108)
FNDA:0,(anonymous_109)
FNDA:0,(anonymous_110)
FNDA:0,(anonymous_111)
FNDA:0,(anonymous_112)
FNDA:0,(anonymous_113)
FNDA:0,(anonymous_114)
DA:8,0
DA:15,0
DA:16,0
DA:19,0
DA:22,0
DA:23,0
DA:24,0
DA:25,0
DA:29,0
DA:30,0
DA:31,0
DA:33,0
DA:37,0
DA:40,0
DA:41,0
DA:42,0
DA:45,0
DA:49,0
DA:50,0
DA:51,0
DA:57,0
DA:63,0
DA:69,0
DA:74,0
DA:75,0
DA:76,0
DA:77,0
DA:78,0
DA:79,0
DA:81,0
DA:82,0
DA:83,0
DA:85,0
DA:88,0
DA:94,0
DA:95,0
DA:98,0
DA:100,0
DA:101,0
DA:102,0
DA:104,0
DA:105,0
DA:106,0
DA:108,0
DA:109,0
DA:110,0
DA:112,0
DA:113,0
DA:114,0
DA:116,0
DA:117,0
DA:131,0
DA:137,0
DA:138,0
DA:139,0
DA:140,0
DA:141,0
DA:146,0
DA:152,0
DA:153,0
DA:154,0
DA:155,0
DA:156,0
DA:157,0
DA:159,0
DA:160,0
DA:161,0
DA:169,0
DA:177,0
DA:178,0
DA:179,0
DA:180,0
DA:181,0
DA:184,0
DA:185,0
DA:187,0
DA:188,0
DA:189,0
DA:190,0
DA:191,0
DA:193,0
DA:194,0
DA:195,0
DA:199,0
DA:203,0
DA:211,0
DA:212,0
DA:213,0
DA:214,0
DA:215,0
DA:216,0
DA:217,0
DA:218,0
DA:219,0
DA:220,0
DA:221,0
DA:222,0
DA:228,0
DA:229,0
DA:230,0
DA:231,0
DA:232,0
DA:238,0
DA:239,0
DA:240,0
DA:241,0
DA:242,0
DA:243,0
DA:244,0
DA:246,0
DA:247,0
DA:248,0
DA:249,0
DA:251,0
DA:253,0
DA:258,0
DA:259,0
DA:263,0
DA:270,0
DA:271,0
DA:272,0
DA:273,0
DA:274,0
DA:275,0
DA:276,0
DA:277,0
DA:278,0
DA:279,0
DA:280,0
DA:282,0
DA:283,0
DA:284,0
DA:288,0
DA:304,0
DA:309,0
DA:314,0
DA:319,0
DA:325,0
DA:333,0
DA:341,0
DA:342,0
DA:345,0
DA:346,0
DA:347,0
DA:349,0
DA:352,0
DA:355,0
DA:356,0
DA:359,0
DA:360,0
DA:361,0
DA:362,0
DA:363,0
DA:365,0
DA:366,0
DA:367,0
DA:369,0
DA:373,0
DA:374,0
DA:377,0
DA:378,0
DA:379,0
DA:380,0
DA:381,0
DA:382,0
DA:384,0
DA:386,0
DA:391,0
DA:392,0
DA:393,0
DA:394,0
DA:396,0
DA:400,0
DA:401,0
DA:402,0
DA:403,0
DA:404,0
DA:405,0
DA:408,0
DA:409,0
DA:410,0
DA:416,0
DA:425,0
DA:426,0
DA:427,0
DA:429,0
DA:437,0
DA:438,0
DA:439,0
DA:449,0
DA:450,0
DA:451,0
DA:453,0
DA:454,0
DA:455,0
DA:456,0
DA:457,0
DA:459,0
DA:465,0
DA:466,0
DA:467,0
DA:473,0
DA:482,0
DA:483,0
DA:485,0
DA:486,0
DA:487,0
DA:488,0
DA:489,0
DA:490,0
DA:491,0
DA:493,0
DA:500,0
DA:507,0
DA:508,0
DA:509,0
DA:511,0
DA:515,0
DA:516,0
DA:518,0
DA:523,0
DA:524,0
DA:527,0
DA:528,0
DA:533,0
DA:535,0
DA:536,0
DA:537,0
DA:539,0
DA:540,0
DA:541,0
DA:542,0
DA:543,0
DA:544,0
DA:546,0
DA:547,0
DA:551,0
DA:552,0
DA:553,0
DA:554,0
DA:557,0
DA:558,0
DA:560,0
DA:567,0
DA:568,0
DA:569,0
DA:571,0
DA:572,0
DA:575,0
DA:576,0
DA:577,0
DA:578,0
DA:579,0
DA:582,0
DA:583,0
DA:584,0
DA:587,0
DA:588,0
DA:589,0
DA:590,0
DA:597,0
DA:598,0
DA:599,0
DA:600,0
DA:606,0
DA:611,0
DA:616,0
DA:621,0
DA:628,0
DA:629,0
DA:630,0
DA:631,0
DA:632,0
DA:633,0
DA:634,0
DA:635,0
DA:645,0
DA:646,0
DA:647,0
DA:648,0
DA:649,0
DA:651,0
DA:652,0
DA:653,0
DA:654,0
DA:655,0
DA:656,0
DA:662,0
DA:676,0
DA:677,0
DA:683,0
DA:688,0
DA:689,0
DA:690,0
DA:700,0
DA:701,0
DA:702,0
DA:703,0
DA:707,0
DA:709,0
DA:710,0
DA:711,0
DA:716,0
DA:717,0
DA:718,0
DA:719,0
DA:720,0
DA:722,0
DA:726,0
DA:730,0
DA:731,0
DA:732,0
DA:733,0
DA:737,0
DA:738,0
DA:739,0
DA:740,0
DA:741,0
DA:742,0
DA:744,0
DA:749,0
DA:750,0
DA:754,0
DA:755,0
DA:758,0
DA:760,0
DA:764,0
DA:765,0
DA:767,0
DA:772,0
DA:773,0
DA:774,0
DA:778,0
DA:780,0
DA:781,0
DA:782,0
DA:783,0
DA:784,0
DA:785,0
DA:786,0
DA:787,0
DA:788,0
DA:789,0
DA:790,0
DA:792,0
DA:794,0
DA:799,0
DA:800,0
DA:803,0
DA:808,0
DA:809,0
DA:810,0
DA:815,0
DA:816,0
DA:819,0
DA:824,0
DA:825,0
DA:826,0
DA:831,0
DA:836,0
DA:837,0
DA:838,0
DA:839,0
DA:840,0
DA:845,0
DA:850,0
DA:851,0
DA:852,0
DA:853,0
DA:854,0
DA:855,0
DA:857,0
DA:865,0
DA:866,0
DA:868,0
DA:871,0
DA:872,0
DA:874,0
DA:877,0
DA:878,0
DA:879,0
DA:884,0
DA:890,0
DA:895,0
DA:896,0
DA:897,0
DA:901,0
DA:906,0
DA:907,0
DA:910,0
DA:911,0
DA:914,0
DA:916,0
DA:917,0
DA:918,0
DA:919,0
DA:920,0
DA:921,0
DA:924,0
DA:925,0
DA:927,0
DA:928,0
DA:929,0
DA:934,0
DA:935,0
DA:936,0
DA:937,0
DA:938,0
DA:945,0
DA:946,0
DA:947,0
DA:948,0
DA:950,0
DA:952,0
DA:953,0
DA:954,0
DA:955,0
DA:958,0
DA:959,0
DA:960,0
DA:967,0
DA:968,0
DA:970,0
DA:971,0
DA:972,0
DA:973,0
DA:974,0
DA:975,0
DA:976,0
DA:978,0
DA:985,0
DA:986,0
DA:987,0
DA:988,0
DA:989,0
DA:990,0
DA:991,0
DA:992,0
DA:993,0
DA:994,0
DA:995,0
DA:996,0
DA:998,0
DA:999,0
DA:1005,0
DA:1010,0
DA:1015,0
DA:1016,0
DA:1017,0
DA:1022,0
DA:1023,0
DA:1024,0
DA:1025,0
DA:1027,0
DA:1028,0
DA:1029,0
DA:1030,0
DA:1031,0
DA:1032,0
DA:1037,0
DA:1038,0
DA:1039,0
DA:1047,0
DA:1048,0
DA:1049,0
DA:1050,0
DA:1051,0
DA:1052,0
DA:1053,0
DA:1054,0
DA:1056,0
DA:1060,0
DA:1061,0
DA:1062,0
DA:1064,0
DA:1069,0
DA:1072,0
DA:1073,0
DA:1074,0
DA:1075,0
DA:1076,0
DA:1081,0
DA:1084,0
DA:1085,0
DA:1086,0
DA:1087,0
DA:1089,0
DA:1098,0
DA:1099,0
DA:1100,0
DA:1101,0
DA:1102,0
DA:1103,0
DA:1108,0
DA:1109,0
DA:1110,0
DA:1111,0
DA:1114,0
DA:1128,0
DA:1129,0
DA:1130,0
DA:1131,0
DA:1132,0
DA:1133,0
DA:1134,0
DA:1135,0
DA:1136,0
DA:1137,0
DA:1139,0
DA:1144,0
DA:1145,0
DA:1152,0
DA:1153,0
DA:1154,0
DA:1156,0
DA:1157,0
DA:1164,0
DA:1165,0
DA:1167,0
DA:1173,0
DA:1182,0
DA:1183,0
DA:1184,0
DA:1187,0
DA:1188,0
DA:1189,0
DA:1194,0
DA:1197,0
DA:1200,0
DA:1203,0
DA:1206,0
DA:1209,0
DA:1218,0
DA:1219,0
DA:1225,0
DA:1226,0
DA:1227,0
DA:1228,0
DA:1229,0
DA:1230,0
DA:1232,0
DA:1235,0
DA:1241,0
DA:1242,0
DA:1243,0
DA:1247,0
DA:1250,0
DA:1251,0
DA:1252,0
DA:1253,0
DA:1254,0
DA:1255,0
DA:1256,0
DA:1259,0
DA:1261,0
DA:1262,0
DA:1263,0
DA:1268,0
DA:1269,0
DA:1270,0
DA:1271,0
DA:1272,0
DA:1273,0
DA:1278,0
DA:1279,0
DA:1280,0
DA:1284,0
DA:1285,0
DA:1286,0
DA:1288,0
DA:1292,0
DA:1293,0
DA:1294,0
DA:1297,0
DA:1298,0
DA:1304,0
DA:1305,0
DA:1306,0
DA:1312,0
DA:1321,0
DA:1322,0
DA:1323,0
DA:1325,0
DA:1326,0
DA:1327,0
DA:1328,0
DA:1329,0
DA:1336,0
DA:1337,0
DA:1338,0
DA:1339,0
DA:1340,0
DA:1343,0
DA:1354,0
DA:1355,0
DA:1356,0
DA:1357,0
DA:1360,0
DA:1361,0
DA:1362,0
DA:1363,0
DA:1364,0
DA:1367,0
DA:1368,0
DA:1372,0
DA:1373,0
DA:1374,0
DA:1378,0
DA:1379,0
DA:1380,0
DA:1386,0
DA:1388,0
DA:1389,0
DA:1395,0
DA:1396,0
DA:1397,0
DA:1400,0
DA:1406,0
DA:1413,0
DA:1414,0
DA:1415,0
DA:1416,0
DA:1417,0
DA:1418,0
DA:1422,0
DA:1425,0
DA:1428,0
DA:1436,0
DA:1448,0
DA:1454,0
DA:1455,0
DA:1456,0
DA:1462,0
DA:1463,0
DA:1464,0
DA:1465,0
DA:1466,0
DA:1467,0
DA:1468,0
DA:1487,0
DA:1488,0
DA:1489,0
DA:1490,0
DA:1491,0
DA:1492,0
DA:1493,0
DA:1494,0
DA:1495,0
DA:1496,0
DA:1497,0
DA:1499,0
DA:1500,0
DA:1501,0
DA:1502,0
DA:1504,0
DA:1513,0
DA:1520,0
DA:1521,0
DA:1522,0
DA:1523,0
DA:1531,0
DA:1532,0
DA:1533,0
DA:1534,0
DA:1535,0
DA:1536,0
DA:1537,0
DA:1538,0
DA:1540,0
DA:1549,0
DA:1572,0
DA:1573,0
DA:1576,0
DA:1582,0
DA:1588,0
DA:1589,0
DA:1593,0
DA:1594,0
DA:1595,0
DA:1599,0
DA:1600,0
DA:1601,0
DA:1608,0
DA:1609,0
DA:1610,0
DA:1611,0
DA:1612,0
DA:1613,0
DA:1614,0
DA:1615,0
DA:1616,0
DA:1621,0
DA:1622,0
DA:1625,0
DA:1626,0
DA:1627,0
DA:1628,0
DA:1629,0
DA:1632,0
DA:1633,0
DA:1634,0
DA:1635,0
DA:1636,0
DA:1640,0
DA:1641,0
DA:1642,0
DA:1646,0
DA:1647,0
DA:1656,0
DA:1657,0
DA:1658,0
DA:1663,0
DA:1664,0
DA:1666,0
DA:1667,0
DA:1672,0
DA:1676,0
DA:1677,0
DA:1679,0
DA:1680,0
DA:1684,0
DA:1685,0
DA:1689,0
DA:1691,0
DA:1695,0
DA:1698,0
DA:1699,0
LF:727
LH:0
BRDA:30,1,0,0
BRDA:30,1,1,0
BRDA:41,2,0,0
BRDA:41,2,1,0
BRDA:41,3,0,0
BRDA:41,3,1,0
BRDA:45,4,0,0
BRDA:45,4,1,0
BRDA:45,4,2,0
BRDA:75,5,0,0
BRDA:75,5,1,0
BRDA:77,6,0,0
BRDA:77,6,1,0
BRDA:81,7,0,0
BRDA:81,7,1,0
BRDA:98,8,0,0
BRDA:98,8,1,0
BRDA:98,8,2,0
BRDA:98,8,3,0
BRDA:98,8,4,0
BRDA:137,9,0,0
BRDA:137,9,1,0
BRDA:137,10,0,0
BRDA:137,10,1,0
BRDA:139,11,0,0
BRDA:139,11,1,0
BRDA:140,12,0,0
BRDA:140,12,1,0
BRDA:144,13,0,0
BRDA:144,13,1,0
BRDA:152,14,0,0
BRDA:152,14,1,0
BRDA:152,15,0,0
BRDA:152,15,1,0
BRDA:177,16,0,0
BRDA:177,16,1,0
BRDA:177,17,0,0
BRDA:177,17,1,0
BRDA:179,18,0,0
BRDA:179,18,1,0
BRDA:179,19,0,0
BRDA:179,19,1,0
BRDA:179,19,2,0
BRDA:184,20,0,0
BRDA:184,20,1,0
BRDA:188,21,0,0
BRDA:188,21,1,0
BRDA:190,22,0,0
BRDA:190,22,1,0
BRDA:190,23,0,0
BRDA:190,23,1,0
BRDA:194,24,0,0
BRDA:194,24,1,0
BRDA:194,25,0,0
BRDA:194,25,1,0
BRDA:194,25,2,0
BRDA:194,25,3,0
BRDA:194,25,4,0
BRDA:211,26,0,0
BRDA:211,26,1,0
BRDA:214,27,0,0
BRDA:214,27,1,0
BRDA:218,28,0,0
BRDA:218,28,1,0
BRDA:220,29,0,0
BRDA:220,29,1,0
BRDA:228,30,0,0
BRDA:228,30,1,0
BRDA:229,31,0,0
BRDA:229,31,1,0
BRDA:231,32,0,0
BRDA:231,32,1,0
BRDA:239,33,0,0
BRDA:239,33,1,0
BRDA:241,34,0,0
BRDA:241,34,1,0
BRDA:242,35,0,0
BRDA:242,35,1,0
BRDA:243,36,0,0
BRDA:243,36,1,0
BRDA:243,37,0,0
BRDA:243,37,1,0
BRDA:246,38,0,0
BRDA:246,38,1,0
BRDA:272,39,0,0
BRDA:272,39,1,0
BRDA:275,40,0,0
BRDA:275,40,1,0
BRDA:275,41,0,0
BRDA:275,41,1,0
BRDA:277,42,0,0
BRDA:277,42,1,0
BRDA:277,43,0,0
BRDA:277,43,1,0
BRDA:278,44,0,0
BRDA:278,44,1,0
BRDA:279,45,0,0
BRDA:279,45,1,0
BRDA:341,46,0,0
BRDA:341,46,1,0
BRDA:345,47,0,0
BRDA:345,47,1,0
BRDA:352,48,0,0
BRDA:352,48,1,0
BRDA:355,49,0,0
BRDA:355,49,1,0
BRDA:365,50,0,0
BRDA:365,50,1,0
BRDA:373,51,0,0
BRDA:373,51,1,0
BRDA:379,52,0,0
BRDA:379,52,1,0
BRDA:381,53,0,0
BRDA:381,53,1,0
BRDA:386,54,0,0
BRDA:386,54,1,0
BRDA:391,55,0,0
BRDA:391,55,1,0
BRDA:392,56,0,0
BRDA:392,56,1,0
BRDA:400,57,0,0
BRDA:400,57,1,0
BRDA:402,58,0,0
BRDA:402,58,1,0
BRDA:437,59,0,0
BRDA:437,59,1,0
BRDA:449,60,0,0
BRDA:449,60,1,0
BRDA:450,61,0,0
BRDA:450,61,1,0
BRDA:453,62,0,0
BRDA:453,62,1,0
BRDA:455,63,0,0
BRDA:455,63,1,0
BRDA:457,64,0,0
BRDA:457,64,1,0
BRDA:465,65,0,0
BRDA:465,65,1,0
BRDA:465,66,0,0
BRDA:465,66,1,0
BRDA:482,67,0,0
BRDA:482,67,1,0
BRDA:483,68,0,0
BRDA:483,68,1,0
BRDA:488,69,0,0
BRDA:488,69,1,0
BRDA:490,70,0,0
BRDA:490,70,1,0
BRDA:507,71,0,0
BRDA:507,71,1,0
BRDA:507,72,0,0
BRDA:507,72,1,0
BRDA:515,73,0,0
BRDA:515,73,1,0
BRDA:515,74,0,0
BRDA:515,74,1,0
BRDA:515,74,2,0
BRDA:515,74,3,0
BRDA:523,75,0,0
BRDA:523,75,1,0
BRDA:527,76,0,0
BRDA:527,76,1,0
BRDA:527,77,0,0
BRDA:527,77,1,0
BRDA:533,78,0,0
BRDA:533,78,1,0
BRDA:541,79,0,0
BRDA:541,79,1,0
BRDA:542,80,0,0
BRDA:542,80,1,0
BRDA:543,81,0,0
BRDA:543,81,1,0
BRDA:543,82,0,0
BRDA:543,82,1,0
BRDA:546,83,0,0
BRDA:546,83,1,0
BRDA:551,84,0,0
BRDA:551,84,1,0
BRDA:551,85,0,0
BRDA:551,85,1,0
BRDA:552,86,0,0
BRDA:552,86,1,0
BRDA:557,87,0,0
BRDA:557,87,1,0
BRDA:557,88,0,0
BRDA:557,88,1,0
BRDA:567,89,0,0
BRDA:567,89,1,0
BRDA:576,90,0,0
BRDA:576,90,1,0
BRDA:576,91,0,0
BRDA:576,91,1,0
BRDA:578,92,0,0
BRDA:578,92,1,0
BRDA:582,93,0,0
BRDA:582,93,1,0
BRDA:588,94,0,0
BRDA:588,94,1,0
BRDA:597,95,0,0
BRDA:597,95,1,0
BRDA:597,95,2,0
BRDA:598,96,0,0
BRDA:598,96,1,0
BRDA:600,97,0,0
BRDA:600,97,1,0
BRDA:621,98,0,0
BRDA:621,98,1,0
BRDA:628,99,0,0
BRDA:628,99,1,0
BRDA:628,100,0,0
BRDA:628,100,1,0
BRDA:631,101,0,0
BRDA:631,101,1,0
BRDA:632,102,0,0
BRDA:632,102,1,0
BRDA:634,103,0,0
BRDA:634,103,1,0
BRDA:646,104,0,0
BRDA:646,104,1,0
BRDA:647,105,0,0
BRDA:647,105,1,0
BRDA:649,106,0,0
BRDA:649,106,1,0
BRDA:655,107,0,0
BRDA:655,107,1,0
BRDA:688,108,0,0
BRDA:688,108,1,0
BRDA:689,109,0,0
BRDA:689,109,1,0
BRDA:702,110,0,0
BRDA:702,110,1,0
BRDA:702,110,2,0
BRDA:703,111,0,0
BRDA:703,111,1,0
BRDA:709,112,0,0
BRDA:709,112,1,0
BRDA:716,113,0,0
BRDA:716,113,1,0
BRDA:717,114,0,0
BRDA:717,114,1,0
BRDA:718,115,0,0
BRDA:718,115,1,0
BRDA:719,116,0,0
BRDA:719,116,1,0
BRDA:719,117,0,0
BRDA:719,117,1,0
BRDA:719,117,2,0
BRDA:732,118,0,0
BRDA:732,118,1,0
BRDA:737,119,0,0
BRDA:737,119,1,0
BRDA:738,120,0,0
BRDA:738,120,1,0
BRDA:741,121,0,0
BRDA:741,121,1,0
BRDA:749,122,0,0
BRDA:749,122,1,0
BRDA:754,123,0,0
BRDA:754,123,1,0
BRDA:764,124,0,0
BRDA:764,124,1,0
BRDA:772,125,0,0
BRDA:772,125,1,0
BRDA:773,126,0,0
BRDA:773,126,1,0
BRDA:781,127,0,0
BRDA:781,127,1,0
BRDA:788,128,0,0
BRDA:788,128,1,0
BRDA:836,129,0,0
BRDA:836,129,1,0
BRDA:839,130,0,0
BRDA:839,130,1,0
BRDA:840,131,0,0
BRDA:840,131,1,0
BRDA:840,131,2,0
BRDA:840,131,3,0
BRDA:850,132,0,0
BRDA:850,132,1,0
BRDA:854,133,0,0
BRDA:854,133,1,0
BRDA:865,134,0,0
BRDA:865,134,1,0
BRDA:868,135,0,0
BRDA:868,135,1,0
BRDA:871,136,0,0
BRDA:871,136,1,0
BRDA:871,137,0,0
BRDA:871,137,1,0
BRDA:877,138,0,0
BRDA:877,138,1,0
BRDA:895,139,0,0
BRDA:895,139,1,0
BRDA:906,140,0,0
BRDA:906,140,1,0
BRDA:907,141,0,0
BRDA:907,141,1,0
BRDA:910,142,0,0
BRDA:910,142,1,0
BRDA:910,143,0,0
BRDA:910,143,1,0
BRDA:918,144,0,0
BRDA:918,144,1,0
BRDA:918,145,0,0
BRDA:918,145,1,0
BRDA:920,146,0,0
BRDA:920,146,1,0
BRDA:920,147,0,0
BRDA:920,147,1,0
BRDA:920,147,2,0
BRDA:920,147,3,0
BRDA:924,148,0,0
BRDA:924,148,1,0
BRDA:928,149,0,0
BRDA:928,149,1,0
BRDA:934,150,0,0
BRDA:934,150,1,0
BRDA:936,151,0,0
BRDA:936,151,1,0
BRDA:945,152,0,0
BRDA:945,152,1,0
BRDA:946,153,0,0
BRDA:946,153,1,0
BRDA:954,154,0,0
BRDA:954,154,1,0
BRDA:958,155,0,0
BRDA:958,155,1,0
BRDA:967,156,0,0
BRDA:967,156,1,0
BRDA:968,157,0,0
BRDA:968,157,1,0
BRDA:973,158,0,0
BRDA:973,158,1,0
BRDA:975,159,0,0
BRDA:975,159,1,0
BRDA:985,160,0,0
BRDA:985,160,1,0
BRDA:986,161,0,0
BRDA:986,161,1,0
BRDA:988,162,0,0
BRDA:988,162,1,0
BRDA:993,163,0,0
BRDA:993,163,1,0
BRDA:995,164,0,0
BRDA:995,164,1,0
BRDA:1022,165,0,0
BRDA:1022,165,1,0
BRDA:1023,166,0,0
BRDA:1023,166,1,0
BRDA:1027,167,0,0
BRDA:1027,167,1,0
BRDA:1030,168,0,0
BRDA:1030,168,1,0
BRDA:1037,169,0,0
BRDA:1037,169,1,0
BRDA:1047,170,0,0
BRDA:1047,170,1,0
BRDA:1047,171,0,0
BRDA:1047,171,1,0
BRDA:1047,171,2,0
BRDA:1049,172,0,0
BRDA:1049,172,1,0
BRDA:1051,173,0,0
BRDA:1051,173,1,0
BRDA:1051,174,0,0
BRDA:1051,174,1,0
BRDA:1053,175,0,0
BRDA:1053,175,1,0
BRDA:1060,176,0,0
BRDA:1060,176,1,0
BRDA:1061,177,0,0
BRDA:1061,177,1,0
BRDA:1086,178,0,0
BRDA:1086,178,1,0
BRDA:1099,179,0,0
BRDA:1099,179,1,0
BRDA:1100,180,0,0
BRDA:1100,180,1,0
BRDA:1128,181,0,0
BRDA:1128,181,1,0
BRDA:1130,182,0,0
BRDA:1130,182,1,0
BRDA:1134,183,0,0
BRDA:1134,183,1,0
BRDA:1152,184,0,0
BRDA:1152,184,1,0
BRDA:1165,185,0,0
BRDA:1165,185,1,0
BRDA:1187,186,0,0
BRDA:1187,186,1,0
BRDA:1218,187,0,0
BRDA:1218,187,1,0
BRDA:1219,188,0,0
BRDA:1219,188,1,0
BRDA:1225,189,0,0
BRDA:1225,189,1,0
BRDA:1226,190,0,0
BRDA:1226,190,1,0
BRDA:1226,191,0,0
BRDA:1226,191,1,0
BRDA:1226,191,2,0
BRDA:1229,192,0,0
BRDA:1229,192,1,0
BRDA:1241,193,0,0
BRDA:1241,193,1,0
BRDA:1253,194,0,0
BRDA:1253,194,1,0
BRDA:1253,194,2,0
BRDA:1256,195,0,0
BRDA:1256,195,1,0
BRDA:1256,195,2,0
BRDA:1261,196,0,0
BRDA:1261,196,1,0
BRDA:1261,197,0,0
BRDA:1261,197,1,0
BRDA:1268,198,0,0
BRDA:1268,198,1,0
BRDA:1270,199,0,0
BRDA:1270,199,1,0
BRDA:1270,200,0,0
BRDA:1270,200,1,0
BRDA:1270,200,2,0
BRDA:1272,201,0,0
BRDA:1272,201,1,0
BRDA:1284,202,0,0
BRDA:1284,202,1,0
BRDA:1284,203,0,0
BRDA:1284,203,1,0
BRDA:1284,203,2,0
BRDA:1284,203,3,0
BRDA:1292,204,0,0
BRDA:1292,204,1,0
BRDA:1292,205,0,0
BRDA:1292,205,1,0
BRDA:1292,205,2,0
BRDA:1292,205,3,0
BRDA:1297,206,0,0
BRDA:1297,206,1,0
BRDA:1322,207,0,0
BRDA:1322,207,1,0
BRDA:1322,208,0,0
BRDA:1322,208,1,0
BRDA:1325,209,0,0
BRDA:1325,209,1,0
BRDA:1327,210,0,0
BRDA:1327,210,1,0
BRDA:1329,211,0,0
BRDA:1329,211,1,0
BRDA:1338,212,0,0
BRDA:1338,212,1,0
BRDA:1354,213,0,0
BRDA:1354,213,1,0
BRDA:1356,214,0,0
BRDA:1356,214,1,0
BRDA:1356,215,0,0
BRDA:1356,215,1,0
BRDA:1360,216,0,0
BRDA:1360,216,1,0
BRDA:1361,217,0,0
BRDA:1361,217,1,0
BRDA:1367,218,0,0
BRDA:1367,218,1,0
BRDA:1368,219,0,0
BRDA:1368,219,1,0
BRDA:1372,220,0,0
BRDA:1372,220,1,0
BRDA:1374,221,0,0
BRDA:1374,221,1,0
BRDA:1374,222,0,0
BRDA:1374,222,1,0
BRDA:1378,223,0,0
BRDA:1378,223,1,0
BRDA:1388,224,0,0
BRDA:1388,224,1,0
BRDA:1395,225,0,0
BRDA:1395,225,1,0
BRDA:1415,226,0,0
BRDA:1415,226,1,0
BRDA:1462,227,0,0
BRDA:1462,227,1,0
BRDA:1464,228,0,0
BRDA:1464,228,1,0
BRDA:1466,229,0,0
BRDA:1466,229,1,0
BRDA:1487,230,0,0
BRDA:1487,230,1,0
BRDA:1487,231,0,0
BRDA:1487,231,1,0
BRDA:1492,232,0,0
BRDA:1492,232,1,0
BRDA:1494,233,0,0
BRDA:1494,233,1,0
BRDA:1501,234,0,0
BRDA:1501,234,1,0
BRDA:1520,235,0,0
BRDA:1520,235,1,0
BRDA:1531,236,0,0
BRDA:1531,236,1,0
BRDA:1533,237,0,0
BRDA:1533,237,1,0
BRDA:1535,238,0,0
BRDA:1535,238,1,0
BRDA:1576,239,0,0
BRDA:1576,239,1,0
BRDA:1588,240,0,0
BRDA:1588,240,1,0
BRDA:1589,241,0,0
BRDA:1589,241,1,0
BRDA:1593,242,0,0
BRDA:1593,242,1,0
BRDA:1593,243,0,0
BRDA:1593,243,1,0
BRDA:1593,243,2,0
BRDA:1593,243,3,0
BRDA:1593,243,4,0
BRDA:1595,244,0,0
BRDA:1595,244,1,0
BRDA:1599,245,0,0
BRDA:1599,245,1,0
BRDA:1601,246,0,0
BRDA:1601,246,1,0
BRDA:1608,247,0,0
BRDA:1608,247,1,0
BRDA:1608,248,0,0
BRDA:1608,248,1,0
BRDA:1608,248,2,0
BRDA:1608,248,3,0
BRDA:1610,249,0,0
BRDA:1610,249,1,0
BRDA:1615,250,0,0
BRDA:1615,250,1,0
BRDA:1621,251,0,0
BRDA:1621,251,1,0
BRDA:1621,252,0,0
BRDA:1621,252,1,0
BRDA:1627,253,0,0
BRDA:1627,253,1,0
BRDA:1634,254,0,0
BRDA:1634,254,1,0
BRDA:1663,255,0,0
BRDA:1663,255,1,0
BRDA:1663,256,0,0
BRDA:1663,256,1,0
BRDA:1684,257,0,0
BRDA:1684,257,1,0
BRF:545
BRH:0
end_of_record
TN:
SF:/Users/ykwasi/Github/testTiUnit/app/assets/alloy/numeral.min.js
FN:8,(anonymous_1)
FN:8,a
FN:8,b
FN:8,c
FN:8,d
FN:8,e
FN:8,f
FN:8,g
FN:8,h
FN:8,i
FN:8,j
FN:8,k
FN:8,l
FN:8,(anonymous_14)
FN:8,(anonymous_15)
FN:8,(anonymous_16)
FN:8,(anonymous_17)
FN:8,(anonymous_18)
FN:8,(anonymous_19)
FN:8,(anonymous_20)
FN:8,(anonymous_21)
FN:8,(anonymous_22)
FN:8,(anonymous_23)
FN:8,(anonymous_24)
FN:8,(anonymous_25)
FN:8,(anonymous_26)
FN:8,(anonymous_27)
FN:8,(anonymous_28)
FN:8,(anonymous_29)
FN:8,b
FN:8,(anonymous_31)
FN:8,b
FN:8,(anonymous_33)
FN:8,b
FN:8,(anonymous_35)
FN:8,b
FN:8,(anonymous_37)
FN:8,(anonymous_38)
FNF:38
FNH:0
FNDA:0,(anonymous_1)
FNDA:0,a
FNDA:0,b
FNDA:0,c
FNDA:0,d
FNDA:0,e
FNDA:0,f
FNDA:0,g
FNDA:0,h
FNDA:0,i
FNDA:0,j
FNDA:0,k
FNDA:0,l
FNDA:0,(anonymous_14)
FNDA:0,(anonymous_15)
FNDA:0,(anonymous_16)
FNDA:0,(anonymous_17)
FNDA:0,(anonymous_18)
FNDA:0,(anonymous_19)
FNDA:0,(anonymous_20)
FNDA:0,(anonymous_21)
FNDA:0,(anonymous_22)
FNDA:0,(anonymous_23)
FNDA:0,(anonymous_24)
FNDA:0,(anonymous_25)
FNDA:0,(anonymous_26)
FNDA:0,(anonymous_27)
FNDA:0,(anonymous_28)
FNDA:0,(anonymous_29)
FNDA:0,b
FNDA:0,(anonymous_31)
FNDA:0,b
FNDA:0,(anonymous_33)
FNDA:0,b
FNDA:0,(anonymous_35)
FNDA:0,b
FNDA:0,(anonymous_37)
FNDA:0,(anonymous_38)
DA:8,0
LF:1
LH:0
BRDA:8,1,0,0
BRDA:8,1,1,0
BRDA:8,2,0,0
BRDA:8,2,1,0
BRDA:8,3,0,0
BRDA:8,3,1,0
BRDA:8,4,0,0
BRDA:8,4,1,0
BRDA:8,5,0,0
BRDA:8,5,1,0
BRDA:8,6,0,0
BRDA:8,6,1,0
BRDA:8,7,0,0
BRDA:8,7,1,0
BRDA:8,8,0,0
BRDA:8,8,1,0
BRDA:8,9,0,0
BRDA:8,9,1,0
BRDA:8,10,0,0
BRDA:8,10,1,0
BRDA:8,11,0,0
BRDA:8,11,1,0
BRDA:8,12,0,0
BRDA:8,12,1,0
BRDA:8,13,0,0
BRDA:8,13,1,0
BRDA:8,14,0,0
BRDA:8,14,1,0
BRDA:8,15,0,0
BRDA:8,15,1,0
BRDA:8,16,0,0
BRDA:8,16,1,0
BRDA:8,17,0,0
BRDA:8,17,1,0
BRDA:8,18,0,0
BRDA:8,18,1,0
BRDA:8,19,0,0
BRDA:8,19,1,0
BRDA:8,20,0,0
BRDA:8,20,1,0
BRDA:8,21,0,0
BRDA:8,21,1,0
BRDA:8,22,0,0
BRDA:8,22,1,0
BRDA:8,22,2,0
BRDA:8,23,0,0
BRDA:8,23,1,0
BRDA:8,24,0,0
BRDA:8,24,1,0
BRDA:8,25,0,0
BRDA:8,25,1,0
BRDA:8,26,0,0
BRDA:8,26,1,0
BRDA:8,27,0,0
BRDA:8,27,1,0
BRDA:8,28,0,0
BRDA:8,28,1,0
BRDA:8,29,0,0
BRDA:8,29,1,0
BRDA:8,30,0,0
BRDA:8,30,1,0
BRDA:8,31,0,0
BRDA:8,31,1,0
BRDA:8,32,0,0
BRDA:8,32,1,0
BRDA:8,33,0,0
BRDA:8,33,1,0
BRDA:8,34,0,0
BRDA:8,34,1,0
BRDA:8,35,0,0
BRDA:8,35,1,0
BRDA:8,36,0,0
BRDA:8,36,1,0
BRDA:8,36,2,0
BRDA:8,36,3,0
BRDA:8,37,0,0
BRDA:8,37,1,0
BRDA:8,38,0,0
BRDA:8,38,1,0
BRDA:8,39,0,0
BRDA:8,39,1,0
BRDA:8,39,2,0
BRDA:8,40,0,0
BRDA:8,40,1,0
BRDA:8,41,0,0
BRDA:8,41,1,0
BRDA:8,41,2,0
BRDA:8,41,3,0
BRDA:8,42,0,0
BRDA:8,42,1,0
BRDA:8,43,0,0
BRDA:8,43,1,0
BRDA:8,43,2,0
BRDA:8,43,3,0
BRDA:8,44,0,0
BRDA:8,44,1,0
BRDA:8,44,2,0
BRDA:8,44,3,0
BRDA:8,44,4,0
BRDA:8,45,0,0
BRDA:8,45,1,0
BRDA:8,46,0,0
BRDA:8,46,1,0
BRDA:8,47,0,0
BRDA:8,47,1,0
BRDA:8,48,0,0
BRDA:8,48,1,0
BRDA:8,49,0,0
BRDA:8,49,1,0
BRDA:8,50,0,0
BRDA:8,50,1,0
BRDA:8,51,0,0
BRDA:8,51,1,0
BRDA:8,52,0,0
BRDA:8,52,1,0
BRDA:8,53,0,0
BRDA:8,53,1,0
BRDA:8,54,0,0
BRDA:8,54,1,0
BRDA:8,54,2,0
BRDA:8,55,0,0
BRDA:8,55,1,0
BRDA:8,56,0,0
BRDA:8,56,1,0
BRDA:8,57,0,0
BRDA:8,57,1,0
BRDA:8,58,0,0
BRDA:8,58,1,0
BRDA:8,59,0,0
BRDA:8,59,1,0
BRDA:8,60,0,0
BRDA:8,60,1,0
BRDA:8,61,0,0
BRDA:8,61,1,0
BRDA:8,62,0,0
BRDA:8,62,1,0
BRDA:8,63,0,0
BRDA:8,63,1,0
BRDA:8,64,0,0
BRDA:8,64,1,0
BRDA:8,65,0,0
BRDA:8,65,1,0
BRDA:8,66,0,0
BRDA:8,66,1,0
BRDA:8,67,0,0
BRDA:8,67,1,0
BRDA:8,68,0,0
BRDA:8,68,1,0
BRDA:8,69,0,0
BRDA:8,69,1,0
BRDA:8,70,0,0
BRDA:8,70,1,0
BRDA:8,71,0,0
BRDA:8,71,1,0
BRDA:8,72,0,0
BRDA:8,72,1,0
BRDA:8,73,0,0
BRDA:8,73,1,0
BRDA:8,74,0,0
BRDA:8,74,1,0
BRDA:8,75,0,0
BRDA:8,75,1,0
BRDA:8,76,0,0
BRDA:8,76,1,0
BRDA:8,77,0,0
BRDA:8,77,1,0
BRDA:8,78,0,0
BRDA:8,78,1,0
BRDA:8,79,0,0
BRDA:8,79,1,0
BRDA:8,80,0,0
BRDA:8,80,1,0
BRDA:8,80,2,0
BRDA:8,81,0,0
BRDA:8,81,1,0
BRDA:8,82,0,0
BRDA:8,82,1,0
BRDA:8,83,0,0
BRDA:8,83,1,0
BRDA:8,84,0,0
BRDA:8,84,1,0
BRDA:8,85,0,0
BRDA:8,85,1,0
BRDA:8,86,0,0
BRDA:8,86,1,0
BRDA:8,87,0,0
BRDA:8,87,1,0
BRDA:8,88,0,0
BRDA:8,88,1,0
BRDA:8,89,0,0
BRDA:8,89,1,0
BRDA:8,90,0,0
BRDA:8,90,1,0
BRDA:8,91,0,0
BRDA:8,91,1,0
BRDA:8,92,0,0
BRDA:8,92,1,0
BRDA:8,93,0,0
BRDA:8,93,1,0
BRDA:8,94,0,0
BRDA:8,94,1,0
BRDA:8,95,0,0
BRDA:8,95,1,0
BRDA:8,96,0,0
BRDA:8,96,1,0
BRDA:8,97,0,0
BRDA:8,97,1,0
BRDA:8,98,0,0
BRDA:8,98,1,0
BRDA:8,99,0,0
BRDA:8,99,1,0
BRDA:8,100,0,0
BRDA:8,100,1,0
BRDA:8,101,0,0
BRDA:8,101,1,0
BRDA:8,102,0,0
BRDA:8,102,1,0
BRDA:8,102,2,0
BRF:218
BRH:0
end_of_record
TN:
SF:/Users/ykwasi/Github/testTiUnit/app/assets/alloy/styles/demandware.js
FNF:0
FNH:0
DA:3,0
LF:1
LH:0
BRF:0
BRH:0
end_of_record
TN:
SF:/Users/ykwasi/Github/testTiUnit/app/assets/alloy/styles/wireframe.js
FNF:0
FNH:0
DA:3,0
LF:1
LH:0
BRF:0
BRH:0
end_of_record
TN:
SF:/Users/ykwasi/Github/testTiUnit/app/assets/alloy/sync/ocapi.js
FN:23,(anonymous_1)
FN:35,InitAdapter
FN:52,apiCall
FN:163,(anonymous_4)
FN:198,(anonymous_5)
FN:257,(anonymous_6)
FN:284,(anonymous_7)
FN:327,(anonymous_8)
FN:432,Sync
FN:499,(anonymous_10)
FN:512,(anonymous_11)
FN:522,(anonymous_12)
FN:542,beforeModelCreate
FN:554,afterModelCreate
FN:566,isModel
FN:575,isCollection
FNF:16
FNH:0
FNDA:0,(anonymous_1)
FNDA:0,InitAdapter
FNDA:0,apiCall
FNDA:0,(anonymous_4)
FNDA:0,(anonymous_5)
FNDA:0,(anonymous_6)
FNDA:0,(anonymous_7)
FNDA:0,(anonymous_8)
FNDA:0,Sync
FNDA:0,(anonymous_10)
FNDA:0,(anonymous_11)
FNDA:0,(anonymous_12)
FNDA:0,beforeModelCreate
FNDA:0,afterModelCreate
FNDA:0,isModel
FNDA:0,isCollection
DA:9,0
DA:10,0
DA:11,0
DA:16,0
DA:17,0
DA:18,0
DA:23,0
DA:24,0
DA:25,0
DA:35,0
DA:36,0
DA:37,0
DA:40,0
DA:52,0
DA:53,0
DA:56,0
DA:58,0
DA:60,0
DA:62,0
DA:64,0
DA:67,0
DA:69,0
DA:70,0
DA:71,0
DA:72,0
DA:73,0
DA:74,0
DA:75,0
DA:77,0
DA:80,0
DA:82,0
DA:83,0
DA:85,0
DA:88,0
DA:89,0
DA:92,0
DA:93,0
DA:96,0
DA:97,0
DA:98,0
DA:99,0
DA:101,0
DA:102,0
DA:103,0
DA:104,0
DA:107,0
DA:108,0
DA:111,0
DA:112,0
DA:113,0
DA:116,0
DA:117,0
DA:121,0
DA:122,0
DA:123,0
DA:124,0
DA:125,0
DA:127,0
DA:128,0
DA:132,0
DA:142,0
DA:144,0
DA:145,0
DA:147,0
DA:148,0
DA:150,0
DA:151,0
DA:152,0
DA:153,0
DA:154,0
DA:155,0
DA:156,0
DA:157,0
DA:159,0
DA:162,0
DA:163,0
DA:164,0
DA:166,0
DA:168,0
DA:170,0
DA:173,0
DA:175,0
DA:176,0
DA:180,0
DA:184,0
DA:185,0
DA:192,0
DA:195,0
DA:196,0
DA:197,0
DA:198,0
DA:199,0
DA:200,0
DA:201,0
DA:202,0
DA:204,0
DA:207,0
DA:208,0
DA:209,0
DA:211,0
DA:212,0
DA:213,0
DA:214,0
DA:215,0
DA:216,0
DA:217,0
DA:220,0
DA:221,0
DA:226,0
DA:238,0
DA:239,0
DA:240,0
DA:242,0
DA:243,0
DA:244,0
DA:247,0
DA:248,0
DA:249,0
DA:251,0
DA:255,0
DA:256,0
DA:257,0
DA:258,0
DA:260,0
DA:261,0
DA:263,0
DA:269,0
DA:270,0
DA:271,0
DA:273,0
DA:275,0
DA:279,0
DA:280,0
DA:284,0
DA:285,0
DA:286,0
DA:290,0
DA:292,0
DA:293,0
DA:296,0
DA:297,0
DA:298,0
DA:299,0
DA:300,0
DA:304,0
DA:305,0
DA:306,0
DA:307,0
DA:308,0
DA:310,0
DA:312,0
DA:313,0
DA:314,0
DA:315,0
DA:316,0
DA:317,0
DA:319,0
DA:320,0
DA:322,0
DA:326,0
DA:327,0
DA:328,0
DA:329,0
DA:332,0
DA:335,0
DA:336,0
DA:340,0
DA:341,0
DA:343,0
DA:345,0
DA:346,0
DA:348,0
DA:349,0
DA:350,0
DA:352,0
DA:355,0
DA:356,0
DA:357,0
DA:359,0
DA:360,0
DA:364,0
DA:365,0
DA:372,0
DA:374,0
DA:375,0
DA:380,0
DA:381,0
DA:383,0
DA:384,0
DA:386,0
DA:389,0
DA:390,0
DA:391,0
DA:392,0
DA:394,0
DA:396,0
DA:397,0
DA:399,0
DA:404,0
DA:407,0
DA:408,0
DA:409,0
DA:411,0
DA:413,0
DA:415,0
DA:418,0
DA:420,0
DA:432,0
DA:433,0
DA:435,0
DA:443,0
DA:445,0
DA:450,0
DA:456,0
DA:459,0
DA:462,0
DA:463,0
DA:465,0
DA:466,0
DA:470,0
DA:471,0
DA:472,0
DA:473,0
DA:474,0
DA:478,0
DA:479,0
DA:480,0
DA:484,0
DA:485,0
DA:486,0
DA:493,0
DA:494,0
DA:495,0
DA:496,0
DA:498,0
DA:499,0
DA:500,0
DA:501,0
DA:502,0
DA:507,0
DA:508,0
DA:511,0
DA:512,0
DA:513,0
DA:514,0
DA:516,0
DA:518,0
DA:521,0
DA:522,0
DA:523,0
DA:524,0
DA:526,0
DA:529,0
DA:531,0
DA:533,0
DA:542,0
DA:543,0
DA:544,0
DA:545,0
DA:554,0
DA:555,0
DA:556,0
DA:557,0
DA:558,0
DA:566,0
DA:567,0
DA:575,0
DA:576,0
LF:268
LH:0
BRDA:36,1,0,0
BRDA:36,1,1,0
BRDA:56,2,0,0
BRDA:56,2,1,0
BRDA:58,3,0,0
BRDA:58,3,1,0
BRDA:62,4,0,0
BRDA:62,4,1,0
BRDA:64,5,0,0
BRDA:64,5,1,0
BRDA:69,6,0,0
BRDA:69,6,1,0
BRDA:70,7,0,0
BRDA:70,7,1,0
BRDA:72,8,0,0
BRDA:72,8,1,0
BRDA:74,9,0,0
BRDA:74,9,1,0
BRDA:88,10,0,0
BRDA:88,10,1,0
BRDA:92,11,0,0
BRDA:92,11,1,0
BRDA:97,12,0,0
BRDA:97,12,1,0
BRDA:98,13,0,0
BRDA:98,13,1,0
BRDA:101,14,0,0
BRDA:101,14,1,0
BRDA:107,15,0,0
BRDA:107,15,1,0
BRDA:111,16,0,0
BRDA:111,16,1,0
BRDA:111,17,0,0
BRDA:111,17,1,0
BRDA:111,17,2,0
BRDA:122,18,0,0
BRDA:122,18,1,0
BRDA:127,19,0,0
BRDA:127,19,1,0
BRDA:142,20,0,0
BRDA:142,20,1,0
BRDA:142,21,0,0
BRDA:142,21,1,0
BRDA:147,22,0,0
BRDA:147,22,1,0
BRDA:147,23,0,0
BRDA:147,23,1,0
BRDA:147,23,2,0
BRDA:147,23,3,0
BRDA:151,24,0,0
BRDA:151,24,1,0
BRDA:162,25,0,0
BRDA:162,25,1,0
BRDA:162,26,0,0
BRDA:162,26,1,0
BRDA:173,27,0,0
BRDA:173,27,1,0
BRDA:173,28,0,0
BRDA:173,28,1,0
BRDA:175,29,0,0
BRDA:175,29,1,0
BRDA:184,30,0,0
BRDA:184,30,1,0
BRDA:184,30,2,0
BRDA:186,31,0,0
BRDA:186,31,1,0
BRDA:189,32,0,0
BRDA:189,32,1,0
BRDA:200,33,0,0
BRDA:200,33,1,0
BRDA:202,34,0,0
BRDA:202,34,1,0
BRDA:202,35,0,0
BRDA:202,35,1,0
BRDA:216,36,0,0
BRDA:216,36,1,0
BRDA:220,37,0,0
BRDA:220,37,1,0
BRDA:239,38,0,0
BRDA:239,38,1,0
BRDA:243,39,0,0
BRDA:243,39,1,0
BRDA:247,40,0,0
BRDA:247,40,1,0
BRDA:249,41,0,0
BRDA:249,41,1,0
BRDA:255,42,0,0
BRDA:255,42,1,0
BRDA:255,43,0,0
BRDA:255,43,1,0
BRDA:270,44,0,0
BRDA:270,44,1,0
BRDA:292,45,0,0
BRDA:292,45,1,0
BRDA:296,46,0,0
BRDA:296,46,1,0
BRDA:300,47,0,0
BRDA:300,47,1,0
BRDA:300,48,0,0
BRDA:300,48,1,0
BRDA:300,48,2,0
BRDA:312,49,0,0
BRDA:312,49,1,0
BRDA:319,50,0,0
BRDA:319,50,1,0
BRDA:319,51,0,0
BRDA:319,51,1,0
BRDA:326,52,0,0
BRDA:326,52,1,0
BRDA:326,53,0,0
BRDA:326,53,1,0
BRDA:340,54,0,0
BRDA:340,54,1,0
BRDA:340,55,0,0
BRDA:340,55,1,0
BRDA:345,56,0,0
BRDA:345,56,1,0
BRDA:349,57,0,0
BRDA:349,57,1,0
BRDA:356,58,0,0
BRDA:356,58,1,0
BRDA:357,59,0,0
BRDA:357,59,1,0
BRDA:359,60,0,0
BRDA:359,60,1,0
BRDA:359,61,0,0
BRDA:359,61,1,0
BRDA:364,62,0,0
BRDA:364,62,1,0
BRDA:364,63,0,0
BRDA:364,63,1,0
BRDA:372,64,0,0
BRDA:372,64,1,0
BRDA:383,65,0,0
BRDA:383,65,1,0
BRDA:389,66,0,0
BRDA:389,66,1,0
BRDA:389,67,0,0
BRDA:389,67,1,0
BRDA:397,68,0,0
BRDA:397,68,1,0
BRDA:408,69,0,0
BRDA:408,69,1,0
BRDA:445,70,0,0
BRDA:445,70,1,0
BRDA:459,71,0,0
BRDA:459,71,1,0
BRDA:462,72,0,0
BRDA:462,72,1,0
BRDA:465,73,0,0
BRDA:465,73,1,0
BRDA:470,74,0,0
BRDA:470,74,1,0
BRDA:472,75,0,0
BRDA:472,75,1,0
BRDA:478,76,0,0
BRDA:478,76,1,0
BRDA:478,77,0,0
BRDA:478,77,1,0
BRDA:478,77,2,0
BRDA:478,77,3,0
BRDA:478,77,4,0
BRDA:480,78,0,0
BRDA:480,78,1,0
BRDA:484,79,0,0
BRDA:484,79,1,0
BRDA:486,80,0,0
BRDA:486,80,1,0
BRDA:493,81,0,0
BRDA:493,81,1,0
BRDA:493,82,0,0
BRDA:493,82,1,0
BRDA:493,82,2,0
BRDA:493,82,3,0
BRDA:495,83,0,0
BRDA:495,83,1,0
BRDA:501,84,0,0
BRDA:501,84,1,0
BRDA:507,85,0,0
BRDA:507,85,1,0
BRDA:507,86,0,0
BRDA:507,86,1,0
BRDA:513,87,0,0
BRDA:513,87,1,0
BRDA:523,88,0,0
BRDA:523,88,1,0
BRDA:543,89,0,0
BRDA:543,89,1,0
BRDA:555,90,0,0
BRDA:555,90,1,0
BRF:190
BRH:0
end_of_record
TN:
SF:/Users/ykwasi/Github/testTiUnit/app/assets/alloy/sync/storefront.js
FN:27,InitAdapter
FN:40,apiCall
FN:93,(anonymous_3)
FN:144,(anonymous_4)
FN:248,Sync
FN:316,(anonymous_6)
FN:329,(anonymous_7)
FN:341,(anonymous_8)
FN:361,beforeModelCreate
FN:373,afterModelCreate
FNF:10
FNH:0
FNDA:0,InitAdapter
FNDA:0,apiCall
FNDA:0,(anonymous_3)
FNDA:0,(anonymous_4)
FNDA:0,Sync
FNDA:0,(anonymous_6)
FNDA:0,(anonymous_7)
FNDA:0,(anonymous_8)
FNDA:0,beforeModelCreate
FNDA:0,afterModelCreate
DA:10,0
DA:11,0
DA:16,0
DA:17,0
DA:18,0
DA:27,0
DA:28,0
DA:40,0
DA:41,0
DA:43,0
DA:45,0
DA:47,0
DA:49,0
DA:51,0
DA:52,0
DA:55,0
DA:57,0
DA:58,0
DA:61,0
DA:63,0
DA:64,0
DA:67,0
DA:70,0
DA:72,0
DA:73,0
DA:77,0
DA:80,0
DA:87,0
DA:90,0
DA:91,0
DA:93,0
DA:94,0
DA:96,0
DA:97,0
DA:98,0
DA:101,0
DA:103,0
DA:104,0
DA:107,0
DA:111,0
DA:114,0
DA:115,0
DA:116,0
DA:117,0
DA:120,0
DA:122,0
DA:125,0
DA:128,0
DA:131,0
DA:132,0
DA:133,0
DA:134,0
DA:137,0
DA:139,0
DA:140,0
DA:144,0
DA:145,0
DA:146,0
DA:148,0
DA:152,0
DA:154,0
DA:155,0
DA:158,0
DA:159,0
DA:160,0
DA:161,0
DA:162,0
DA:166,0
DA:167,0
DA:168,0
DA:169,0
DA:170,0
DA:172,0
DA:173,0
DA:174,0
DA:175,0
DA:176,0
DA:178,0
DA:179,0
DA:180,0
DA:182,0
DA:185,0
DA:188,0
DA:191,0
DA:192,0
DA:194,0
DA:196,0
DA:197,0
DA:199,0
DA:200,0
DA:201,0
DA:203,0
DA:206,0
DA:208,0
DA:209,0
DA:212,0
DA:213,0
DA:220,0
DA:221,0
DA:223,0
DA:224,0
DA:228,0
DA:229,0
DA:232,0
DA:234,0
DA:236,0
DA:248,0
DA:249,0
DA:251,0
DA:259,0
DA:261,0
DA:266,0
DA:272,0
DA:275,0
DA:277,0
DA:280,0
DA:281,0
DA:285,0
DA:286,0
DA:287,0
DA:288,0
DA:289,0
DA:293,0
DA:294,0
DA:295,0
DA:296,0
DA:301,0
DA:302,0
DA:303,0
DA:310,0
DA:311,0
DA:312,0
DA:313,0
DA:315,0
DA:316,0
DA:317,0
DA:318,0
DA:319,0
DA:324,0
DA:325,0
DA:328,0
DA:329,0
DA:330,0
DA:331,0
DA:332,0
DA:334,0
DA:337,0
DA:340,0
DA:341,0
DA:342,0
DA:343,0
DA:345,0
DA:348,0
DA:350,0
DA:352,0
DA:361,0
DA:362,0
DA:363,0
DA:364,0
DA:373,0
DA:374,0
DA:375,0
DA:376,0
DA:377,0
LF:164
LH:0
BRDA:43,1,0,0
BRDA:43,1,1,0
BRDA:47,2,0,0
BRDA:47,2,1,0
BRDA:49,3,0,0
BRDA:49,3,1,0
BRDA:49,4,0,0
BRDA:49,4,1,0
BRDA:51,5,0,0
BRDA:51,5,1,0
BRDA:55,6,0,0
BRDA:55,6,1,0
BRDA:55,7,0,0
BRDA:55,7,1,0
BRDA:57,8,0,0
BRDA:57,8,1,0
BRDA:59,9,0,0
BRDA:59,9,1,0
BRDA:72,10,0,0
BRDA:72,10,1,0
BRDA:81,11,0,0
BRDA:81,11,1,0
BRDA:81,11,2,0
BRDA:82,12,0,0
BRDA:82,12,1,0
BRDA:82,13,0,0
BRDA:82,13,1,0
BRDA:84,14,0,0
BRDA:84,14,1,0
BRDA:84,14,2,0
BRDA:97,15,0,0
BRDA:97,15,1,0
BRDA:104,16,0,0
BRDA:104,16,1,0
BRDA:114,17,0,0
BRDA:114,17,1,0
BRDA:114,18,0,0
BRDA:114,18,1,0
BRDA:120,19,0,0
BRDA:120,19,1,0
BRDA:131,20,0,0
BRDA:131,20,1,0
BRDA:131,21,0,0
BRDA:131,21,1,0
BRDA:131,21,2,0
BRDA:148,22,0,0
BRDA:148,22,1,0
BRDA:154,23,0,0
BRDA:154,23,1,0
BRDA:158,24,0,0
BRDA:158,24,1,0
BRDA:162,25,0,0
BRDA:162,25,1,0
BRDA:162,26,0,0
BRDA:162,26,1,0
BRDA:162,26,2,0
BRDA:173,27,0,0
BRDA:173,27,1,0
BRDA:180,28,0,0
BRDA:180,28,1,0
BRDA:191,29,0,0
BRDA:191,29,1,0
BRDA:191,30,0,0
BRDA:191,30,1,0
BRDA:196,31,0,0
BRDA:196,31,1,0
BRDA:200,32,0,0
BRDA:200,32,1,0
BRDA:206,33,0,0
BRDA:206,33,1,0
BRDA:208,34,0,0
BRDA:208,34,1,0
BRDA:208,35,0,0
BRDA:208,35,1,0
BRDA:208,35,2,0
BRDA:212,36,0,0
BRDA:212,36,1,0
BRDA:212,37,0,0
BRDA:212,37,1,0
BRDA:220,38,0,0
BRDA:220,38,1,0
BRDA:221,39,0,0
BRDA:221,39,1,0
BRDA:228,40,0,0
BRDA:228,40,1,0
BRDA:261,41,0,0
BRDA:261,41,1,0
BRDA:275,42,0,0
BRDA:275,42,1,0
BRDA:280,43,0,0
BRDA:280,43,1,0
BRDA:285,44,0,0
BRDA:285,44,1,0
BRDA:287,45,0,0
BRDA:287,45,1,0
BRDA:293,46,0,0
BRDA:293,46,1,0
BRDA:293,47,0,0
BRDA:293,47,1,0
BRDA:293,47,2,0
BRDA:293,47,3,0
BRDA:295,48,0,0
BRDA:295,48,1,0
BRDA:296,49,0,0
BRDA:296,49,1,0
BRDA:301,50,0,0
BRDA:301,50,1,0
BRDA:303,51,0,0
BRDA:303,51,1,0
BRDA:310,52,0,0
BRDA:310,52,1,0
BRDA:310,53,0,0
BRDA:310,53,1,0
BRDA:310,53,2,0
BRDA:310,53,3,0
BRDA:312,54,0,0
BRDA:312,54,1,0
BRDA:318,55,0,0
BRDA:318,55,1,0
BRDA:324,56,0,0
BRDA:324,56,1,0
BRDA:324,57,0,0
BRDA:324,57,1,0
BRDA:330,58,0,0
BRDA:330,58,1,0
BRDA:331,59,0,0
BRDA:331,59,1,0
BRDA:342,60,0,0
BRDA:342,60,1,0
BRDA:362,61,0,0
BRDA:362,61,1,0
BRDA:374,62,0,0
BRDA:374,62,1,0
BRF:133
BRH:0
end_of_record
TN:
SF:/Users/ykwasi/Github/testTiUnit/app/assets/alloy/underscore.js
FN:6,(anonymous_1)
FN:48,(anonymous_2)
FN:78,(anonymous_3)
FN:101,(anonymous_4)
FN:107,(anonymous_5)
FN:117,(anonymous_6)
FN:126,(anonymous_7)
FN:141,(anonymous_8)
FN:155,(anonymous_9)
FN:170,(anonymous_10)
FN:172,(anonymous_11)
FN:184,(anonymous_12)
FN:190,(anonymous_13)
FN:198,(anonymous_14)
FN:199,(anonymous_15)
FN:207,(anonymous_16)
FN:214,(anonymous_17)
FN:224,(anonymous_18)
FN:231,(anonymous_19)
FN:240,(anonymous_20)
FN:245,(anonymous_21)
FN:251,(anonymous_22)
FN:254,(anonymous_23)
FN:260,(anonymous_24)
FN:261,(anonymous_25)
FN:268,(anonymous_26)
FN:272,(anonymous_27)
FN:283,(anonymous_28)
FN:290,(anonymous_29)
FN:300,(anonymous_30)
FN:311,(anonymous_31)
FN:321,(anonymous_32)
FN:332,(anonymous_33)
FN:336,(anonymous_34)
FN:345,(anonymous_35)
FN:346,(anonymous_36)
FN:352,(anonymous_37)
FN:354,(anonymous_38)
FN:360,(anonymous_39)
FN:376,(anonymous_40)
FN:379,(anonymous_41)
FN:388,(anonymous_42)
FN:389,(anonymous_43)
FN:397,(anonymous_44)
FN:398,(anonymous_45)
FN:407,(anonymous_46)
FN:420,(anonymous_47)
FN:431,(anonymous_48)
FN:443,(anonymous_49)
FN:454,(anonymous_50)
FN:460,(anonymous_51)
FN:475,(anonymous_52)
FN:480,(anonymous_53)
FN:485,(anonymous_54)
FN:489,(anonymous_55)
FN:500,(anonymous_56)
FN:505,(anonymous_57)
FN:512,(anonymous_58)
FN:521,(anonymous_59)
FN:532,(anonymous_60)
FN:538,(anonymous_61)
FN:540,(anonymous_62)
FN:541,(anonymous_63)
FN:549,(anonymous_64)
FN:551,(anonymous_65)
FN:558,(anonymous_66)
FN:570,(anonymous_67)
FN:591,(anonymous_68)
FN:613,(anonymous_69)
FN:630,(anonymous_70)
FN:653,(anonymous_71)
FN:659,(anonymous_72)
FN:667,(anonymous_73)
FN:682,(anonymous_74)
FN:684,(anonymous_75)
FN:691,(anonymous_76)
FN:695,(anonymous_77)
FN:702,(anonymous_78)
FN:705,(anonymous_79)
FN:713,(anonymous_80)
FN:715,(anonymous_81)
FN:722,(anonymous_82)
FN:731,(anonymous_83)
FN:738,(anonymous_84)
FN:743,(anonymous_85)
FN:766,(anonymous_86)
FN:769,(anonymous_87)
FN:773,(anonymous_88)
FN:789,(anonymous_89)
FN:792,(anonymous_90)
FN:805,(anonymous_91)
FN:806,(anonymous_92)
FN:815,(anonymous_93)
FN:817,(anonymous_94)
FN:827,(anonymous_95)
FN:828,(anonymous_96)
FN:841,(anonymous_97)
FN:852,(anonymous_98)
FN:861,(anonymous_99)
FN:870,(anonymous_100)
FN:880,(anonymous_101)
FN:890,(anonymous_102)
FN:891,(anonymous_103)
FN:902,(anonymous_104)
FN:905,(anonymous_105)
FN:913,(anonymous_106)
FN:924,(anonymous_107)
FN:925,(anonymous_108)
FN:938,(anonymous_109)
FN:947,(anonymous_110)
FN:953,(anonymous_111)
FN:1052,(anonymous_112)
FN:1058,(anonymous_113)
FN:1070,(anonymous_114)
FN:1077,(anonymous_115)
FN:1082,(anonymous_116)
FN:1087,(anonymous_117)
FN:1088,(anonymous_118)
FN:1096,(anonymous_119)
FN:1103,(anonymous_120)
FN:1109,(anonymous_121)
FN:1114,(anonymous_122)
FN:1119,(anonymous_123)
FN:1124,(anonymous_124)
FN:1129,(anonymous_125)
FN:1136,(anonymous_126)
FN:1145,(anonymous_127)
FN:1151,(anonymous_128)
FN:1156,(anonymous_129)
FN:1164,(anonymous_130)
FN:1192,(anonymous_131)
FN:1193,(anonymous_132)
FN:1196,(anonymous_133)
FN:1204,(anonymous_134)
FN:1213,(anonymous_135)
FN:1214,(anonymous_136)
FN:1216,(anonymous_137)
FN:1227,(anonymous_138)
FN:1262,(anonymous_139)
FN:1272,(anonymous_140)
FN:1273,(anonymous_141)
FN:1306,(anonymous_142)
FN:1317,(anonymous_143)
FN:1328,(anonymous_144)
FN:1336,(anonymous_145)
FN:1338,(anonymous_146)
FN:1348,(anonymous_147)
FN:1350,(anonymous_148)
FN:1358,(anonymous_149)
FN:1364,(anonymous_150)
FNF:150
FNH:0
FNDA:0,(anonymous_1)
FNDA:0,(anonymous_2)
FNDA:0,(anonymous_3)
FNDA:0,(anonymous_4)
FNDA:0,(anonymous_5)
FNDA:0,(anonymous_6)
FNDA:0,(anonymous_7)
FNDA:0,(anonymous_8)
FNDA:0,(anonymous_9)
FNDA:0,(anonymous_10)
FNDA:0,(anonymous_11)
FNDA:0,(anonymous_12)
FNDA:0,(anonymous_13)
FNDA:0,(anonymous_14)
FNDA:0,(anonymous_15)
FNDA:0,(anonymous_16)
FNDA:0,(anonymous_17)
FNDA:0,(anonymous_18)
FNDA:0,(anonymous_19)
FNDA:0,(anonymous_20)
FNDA:0,(anonymous_21)
FNDA:0,(anonymous_22)
FNDA:0,(anonymous_23)
FNDA:0,(anonymous_24)
FNDA:0,(anonymous_25)
FNDA:0,(anonymous_26)
FNDA:0,(anonymous_27)
FNDA:0,(anonymous_28)
FNDA:0,(anonymous_29)
FNDA:0,(anonymous_30)
FNDA:0,(anonymous_31)
FNDA:0,(anonymous_32)
FNDA:0,(anonymous_33)
FNDA:0,(anonymous_34)
FNDA:0,(anonymous_35)
FNDA:0,(anonymous_36)
FNDA:0,(anonymous_37)
FNDA:0,(anonymous_38)
FNDA:0,(anonymous_39)
FNDA:0,(anonymous_40)
FNDA:0,(anonymous_41)
FNDA:0,(anonymous_42)
FNDA:0,(anonymous_43)
FNDA:0,(anonymous_44)
FNDA:0,(anonymous_45)
FNDA:0,(anonymous_46)
FNDA:0,(anonymous_47)
FNDA:0,(anonymous_48)
FNDA:0,(anonymous_49)
FNDA:0,(anonymous_50)
FNDA:0,(anonymous_51)
FNDA:0,(anonymous_52)
FNDA:0,(anonymous_53)
FNDA:0,(anonymous_54)
FNDA:0,(anonymous_55)
FNDA:0,(anonymous_56)
FNDA:0,(anonymous_57)
FNDA:0,(anonymous_58)
FNDA:0,(anonymous_59)
FNDA:0,(anonymous_60)
FNDA:0,(anonymous_61)
FNDA:0,(anonymous_62)
FNDA:0,(anonymous_63)
FNDA:0,(anonymous_64)
FNDA:0,(anonymous_65)
FNDA:0,(anonymous_66)
FNDA:0,(anonymous_67)
FNDA:0,(anonymous_68)
FNDA:0,(anonymous_69)
FNDA:0,(anonymous_70)
FNDA:0,(anonymous_71)
FNDA:0,(anonymous_72)
FNDA:0,(anonymous_73)
FNDA:0,(anonymous_74)
FNDA:0,(anonymous_75)
FNDA:0,(anonymous_76)
FNDA:0,(anonymous_77)
FNDA:0,(anonymous_78)
FNDA:0,(anonymous_79)
FNDA:0,(anonymous_80)
FNDA:0,(anonymous_81)
FNDA:0,(anonymous_82)
FNDA:0,(anonymous_83)
FNDA:0,(anonymous_84)
FNDA:0,(anonymous_85)
FNDA:0,(anonymous_86)
FNDA:0,(anonymous_87)
FNDA:0,(anonymous_88)
FNDA:0,(anonymous_89)
FNDA:0,(anonymous_90)
FNDA:0,(anonymous_91)
FNDA:0,(anonymous_92)
FNDA:0,(anonymous_93)
FNDA:0,(anonymous_94)
FNDA:0,(anonymous_95)
FNDA:0,(anonymous_96)
FNDA:0,(anonymous_97)
FNDA:0,(anonymous_98)
FNDA:0,(anonymous_99)
FNDA:0,(anonymous_100)
FNDA:0,(anonymous_101)
FNDA:0,(anonymous_102)
FNDA:0,(anonymous_103)
FNDA:0,(anonymous_104)
FNDA:0,(anonymous_105)
FNDA:0,(anonymous_106)
FNDA:0,(anonymous_107)
FNDA:0,(anonymous_108)
FNDA:0,(anonymous_109)
FNDA:0,(anonymous_110)
FNDA:0,(anonymous_111)
FNDA:0,(anonymous_112)
FNDA:0,(anonymous_113)
FNDA:0,(anonymous_114)
FNDA:0,(anonymous_115)
FNDA:0,(anonymous_116)
FNDA:0,(anonymous_117)
FNDA:0,(anonymous_118)
FNDA:0,(anonymous_119)
FNDA:0,(anonymous_120)
FNDA:0,(anonymous_121)
FNDA:0,(anonymous_122)
FNDA:0,(anonymous_123)
FNDA:0,(anonymous_124)
FNDA:0,(anonymous_125)
FNDA:0,(anonymous_126)
FNDA:0,(anonymous_127)
FNDA:0,(anonymous_128)
FNDA:0,(anonymous_129)
FNDA:0,(anonymous_130)
FNDA:0,(anonymous_131)
FNDA:0,(anonymous_132)
FNDA:0,(anonymous_133)
FNDA:0,(anonymous_134)
FNDA:0,(anonymous_135)
FNDA:0,(anonymous_136)
FNDA:0,(anonymous_137)
FNDA:0,(anonymous_138)
FNDA:0,(anonymous_139)
FNDA:0,(anonymous_140)
FNDA:0,(anonymous_141)
FNDA:0,(anonymous_142)
FNDA:0,(anonymous_143)
FNDA:0,(anonymous_144)
FNDA:0,(anonymous_145)
FNDA:0,(anonymous_146)
FNDA:0,(anonymous_147)
FNDA:0,(anonymous_148)
FNDA:0,(anonymous_149)
FNDA:0,(anonymous_150)
DA:6,0
DA:12,0
DA:15,0
DA:18,0
DA:21,0
DA:26,0
DA:34,0
DA:48,0
DA:49,0
DA:50,0
DA:51,0
DA:52,0
DA:53,0
DA:60,0
DA:61,0
DA:62,0
DA:64,0
DA:66,0
DA:70,0
DA:78,0
DA:79,0
DA:80,0
DA:81,0
DA:82,0
DA:83,0
DA:84,0
DA:86,0
DA:87,0
DA:90,0
DA:91,0
DA:92,0
DA:93,0
DA:101,0
DA:102,0
DA:103,0
DA:104,0
DA:105,0
DA:106,0
DA:107,0
DA:108,0
DA:110,0
DA:113,0
DA:117,0
DA:118,0
DA:119,0
DA:120,0
DA:121,0
DA:122,0
DA:123,0
DA:124,0
DA:126,0
DA:127,0
DA:128,0
DA:129,0
DA:131,0
DA:134,0
DA:135,0
DA:136,0
DA:141,0
DA:142,0
DA:143,0
DA:144,0
DA:145,0
DA:146,0
DA:147,0
DA:148,0
DA:150,0
DA:151,0
DA:152,0
DA:153,0
DA:155,0
DA:156,0
DA:157,0
DA:158,0
DA:159,0
DA:161,0
DA:164,0
DA:165,0
DA:166,0
DA:170,0
DA:171,0
DA:172,0
DA:173,0
DA:174,0
DA:175,0
DA:178,0
DA:184,0
DA:185,0
DA:186,0
DA:187,0
DA:188,0
DA:189,0
DA:190,0
DA:191,0
DA:192,0
DA:194,0
DA:198,0
DA:199,0
DA:200,0
DA:207,0
DA:208,0
DA:209,0
DA:210,0
DA:211,0
DA:212,0
DA:213,0
DA:214,0
DA:215,0
DA:216,0
DA:218,0
DA:224,0
DA:225,0
DA:226,0
DA:227,0
DA:228,0
DA:229,0
DA:230,0
DA:231,0
DA:232,0
DA:233,0
DA:235,0
DA:240,0
DA:241,0
DA:242,0
DA:243,0
DA:244,0
DA:245,0
DA:246,0
DA:251,0
DA:252,0
DA:253,0
DA:254,0
DA:255,0
DA:260,0
DA:261,0
DA:262,0
DA:268,0
DA:269,0
DA:270,0
DA:272,0
DA:273,0
DA:274,0
DA:275,0
DA:277,0
DA:283,0
DA:284,0
DA:290,0
DA:291,0
DA:292,0
DA:294,0
DA:295,0
DA:296,0
DA:300,0
DA:301,0
DA:302,0
DA:307,0
DA:311,0
DA:312,0
DA:313,0
DA:315,0
DA:316,0
DA:317,0
DA:321,0
DA:322,0
DA:323,0
DA:328,0
DA:332,0
DA:333,0
DA:334,0
DA:335,0
DA:336,0
DA:337,0
DA:338,0
DA:339,0
DA:341,0
DA:345,0
DA:346,0
DA:347,0
DA:352,0
DA:353,0
DA:354,0
DA:355,0
DA:361,0
DA:362,0
DA:363,0
DA:364,0
DA:366,0
DA:367,0
DA:369,0
DA:371,0
DA:376,0
DA:377,0
DA:378,0
DA:379,0
DA:380,0
DA:381,0
DA:383,0
DA:388,0
DA:389,0
DA:390,0
DA:397,0
DA:398,0
DA:399,0
DA:400,0
DA:401,0
DA:407,0
DA:408,0
DA:409,0
DA:410,0
DA:412,0
DA:413,0
DA:414,0
DA:416,0
DA:420,0
DA:421,0
DA:422,0
DA:423,0
DA:424,0
DA:425,0
DA:426,0
DA:427,0
DA:431,0
DA:432,0
DA:433,0
DA:434,0
DA:443,0
DA:444,0
DA:445,0
DA:446,0
DA:447,0
DA:454,0
DA:455,0
DA:460,0
DA:461,0
DA:462,0
DA:463,0
DA:464,0
DA:465,0
DA:467,0
DA:475,0
DA:476,0
DA:480,0
DA:481,0
DA:485,0
DA:486,0
DA:487,0
DA:489,0
DA:490,0
DA:491,0
DA:493,0
DA:496,0
DA:500,0
DA:501,0
DA:505,0
DA:506,0
DA:512,0
DA:513,0
DA:514,0
DA:515,0
DA:516,0
DA:518,0
DA:519,0
DA:520,0
DA:521,0
DA:522,0
DA:523,0
DA:524,0
DA:527,0
DA:532,0
DA:533,0
DA:538,0
DA:539,0
DA:540,0
DA:541,0
DA:542,0
DA:549,0
DA:550,0
DA:551,0
DA:552,0
DA:558,0
DA:559,0
DA:560,0
DA:561,0
DA:562,0
DA:564,0
DA:570,0
DA:571,0
DA:572,0
DA:573,0
DA:574,0
DA:576,0
DA:577,0
DA:579,0
DA:582,0
DA:591,0
DA:592,0
DA:593,0
DA:594,0
DA:596,0
DA:597,0
DA:598,0
DA:600,0
DA:601,0
DA:604,0
DA:605,0
DA:606,0
DA:607,0
DA:608,0
DA:609,0
DA:613,0
DA:614,0
DA:615,0
DA:616,0
DA:617,0
DA:618,0
DA:620,0
DA:621,0
DA:622,0
DA:623,0
DA:624,0
DA:630,0
DA:631,0
DA:632,0
DA:633,0
DA:635,0
DA:637,0
DA:638,0
DA:639,0
DA:641,0
DA:642,0
DA:643,0
DA:646,0
DA:653,0
DA:659,0
DA:660,0
DA:662,0
DA:663,0
DA:664,0
DA:665,0
DA:666,0
DA:667,0
DA:668,0
DA:669,0
DA:670,0
DA:671,0
DA:672,0
DA:673,0
DA:674,0
DA:675,0
DA:676,0
DA:682,0
DA:683,0
DA:684,0
DA:685,0
DA:691,0
DA:692,0
DA:693,0
DA:694,0
DA:695,0
DA:696,0
DA:698,0
DA:702,0
DA:703,0
DA:704,0
DA:705,0
DA:706,0
DA:707,0
DA:713,0
DA:714,0
DA:715,0
DA:716,0
DA:722,0
DA:723,0
DA:731,0
DA:732,0
DA:735,0
DA:736,0
DA:737,0
DA:738,0
DA:739,0
DA:740,0
DA:741,0
DA:743,0
DA:744,0
DA:745,0
DA:746,0
DA:747,0
DA:748,0
DA:749,0
DA:750,0
DA:751,0
DA:752,0
DA:753,0
DA:754,0
DA:755,0
DA:756,0
DA:758,0
DA:766,0
DA:767,0
DA:768,0
DA:769,0
DA:770,0
DA:773,0
DA:774,0
DA:775,0
DA:776,0
DA:778,0
DA:779,0
DA:780,0
DA:781,0
DA:782,0
DA:783,0
DA:789,0
DA:790,0
DA:792,0
DA:793,0
DA:794,0
DA:795,0
DA:796,0
DA:797,0
DA:798,0
DA:805,0
DA:806,0
DA:807,0
DA:808,0
DA:809,0
DA:815,0
DA:816,0
DA:817,0
DA:818,0
DA:819,0
DA:820,0
DA:822,0
DA:827,0
DA:828,0
DA:829,0
DA:830,0
DA:840,0
DA:842,0
DA:843,0
DA:844,0
DA:845,0
DA:846,0
DA:847,0
DA:848,0
DA:852,0
DA:853,0
DA:854,0
DA:855,0
DA:856,0
DA:857,0
DA:861,0
DA:862,0
DA:863,0
DA:864,0
DA:865,0
DA:866,0
DA:870,0
DA:871,0
DA:872,0
DA:873,0
DA:874,0
DA:875,0
DA:880,0
DA:881,0
DA:882,0
DA:883,0
DA:884,0
DA:886,0
DA:890,0
DA:891,0
DA:892,0
DA:893,0
DA:894,0
DA:898,0
DA:902,0
DA:903,0
DA:904,0
DA:905,0
DA:906,0
DA:907,0
DA:909,0
DA:913,0
DA:914,0
DA:915,0
DA:916,0
DA:917,0
DA:918,0
DA:920,0
DA:924,0
DA:925,0
DA:926,0
DA:927,0
DA:928,0
DA:930,0
DA:934,0
DA:938,0
DA:939,0
DA:940,0
DA:941,0
DA:947,0
DA:948,0
DA:949,0
DA:953,0
DA:956,0
DA:957,0
DA:959,0
DA:960,0
DA:962,0
DA:963,0
DA:964,0
DA:965,0
DA:967,0
DA:968,0
DA:969,0
DA:970,0
DA:975,0
DA:979,0
DA:985,0
DA:988,0
DA:990,0
DA:991,0
DA:994,0
DA:995,0
DA:998,0
DA:999,0
DA:1003,0
DA:1005,0
DA:1006,0
DA:1009,0
DA:1010,0
DA:1011,0
DA:1014,0
DA:1016,0
DA:1017,0
DA:1018,0
DA:1020,0
DA:1021,0
DA:1022,0
DA:1027,0
DA:1028,0
DA:1030,0
DA:1032,0
DA:1033,0
DA:1037,0
DA:1038,0
DA:1039,0
DA:1040,0
DA:1042,0
DA:1046,0
DA:1047,0
DA:1048,0
DA:1052,0
DA:1053,0
DA:1058,0
DA:1059,0
DA:1060,0
DA:1061,0
DA:1062,0
DA:1063,0
DA:1064,0
DA:1065,0
DA:1066,0
DA:1070,0
DA:1071,0
DA:1076,0
DA:1078,0
DA:1082,0
DA:1083,0
DA:1087,0
DA:1088,0
DA:1089,0
DA:1095,0
DA:1096,0
DA:1097,0
DA:1102,0
DA:1103,0
DA:1104,0
DA:1109,0
DA:1110,0
DA:1114,0
DA:1115,0
DA:1119,0
DA:1120,0
DA:1124,0
DA:1125,0
DA:1129,0
DA:1130,0
DA:1136,0
DA:1137,0
DA:1145,0
DA:1146,0
DA:1147,0
DA:1151,0
DA:1152,0
DA:1156,0
DA:1157,0
DA:1158,0
DA:1159,0
DA:1160,0
DA:1164,0
DA:1165,0
DA:1166,0
DA:1167,0
DA:1169,0
DA:1173,0
DA:1183,0
DA:1186,0
DA:1192,0
DA:1193,0
DA:1194,0
DA:1195,0
DA:1196,0
DA:1197,0
DA:1204,0
DA:1205,0
DA:1206,0
DA:1207,0
DA:1208,0
DA:1209,0
DA:1213,0
DA:1214,0
DA:1215,0
DA:1216,0
DA:1217,0
DA:1218,0
DA:1219,0
DA:1226,0
DA:1227,0
DA:1228,0
DA:1229,0
DA:1234,0
DA:1243,0
DA:1247,0
DA:1257,0
DA:1262,0
DA:1263,0
DA:1264,0
DA:1267,0
DA:1270,0
DA:1271,0
DA:1272,0
DA:1273,0
DA:1274,0
DA:1277,0
DA:1278,0
DA:1280,0
DA:1281,0
DA:1283,0
DA:1284,0
DA:1286,0
DA:1287,0
DA:1289,0
DA:1292,0
DA:1293,0
DA:1295,0
DA:1297,0
DA:1298,0
DA:1300,0
DA:1301,0
DA:1304,0
DA:1305,0
DA:1306,0
DA:1307,0
DA:1311,0
DA:1313,0
DA:1317,0
DA:1318,0
DA:1328,0
DA:1329,0
DA:1333,0
DA:1336,0
DA:1337,0
DA:1338,0
DA:1339,0
DA:1340,0
DA:1341,0
DA:1342,0
DA:1343,0
DA:1348,0
DA:1349,0
DA:1350,0
DA:1351,0
DA:1355,0
DA:1359,0
DA:1360,0
DA:1365,0
LF:687
LH:0
BRDA:49,1,0,0
BRDA:49,1,1,0
BRDA:51,2,0,0
BRDA:51,2,1,0
BRDA:60,3,0,0
BRDA:60,3,1,0
BRDA:61,4,0,0
BRDA:61,4,1,0
BRDA:61,5,0,0
BRDA:61,5,1,0
BRDA:79,6,0,0
BRDA:79,6,1,0
BRDA:81,7,0,0
BRDA:81,7,1,0
BRDA:81,8,0,0
BRDA:81,8,1,0
BRDA:83,9,0,0
BRDA:83,9,1,0
BRDA:86,10,0,0
BRDA:86,10,1,0
BRDA:91,11,0,0
BRDA:91,11,1,0
BRDA:92,12,0,0
BRDA:92,12,1,0
BRDA:103,13,0,0
BRDA:103,13,1,0
BRDA:105,14,0,0
BRDA:105,14,1,0
BRDA:105,15,0,0
BRDA:105,15,1,0
BRDA:119,16,0,0
BRDA:119,16,1,0
BRDA:121,17,0,0
BRDA:121,17,1,0
BRDA:121,18,0,0
BRDA:121,18,1,0
BRDA:122,19,0,0
BRDA:122,19,1,0
BRDA:124,20,0,0
BRDA:124,20,1,0
BRDA:127,21,0,0
BRDA:127,21,1,0
BRDA:134,22,0,0
BRDA:134,22,1,0
BRDA:143,23,0,0
BRDA:143,23,1,0
BRDA:145,24,0,0
BRDA:145,24,1,0
BRDA:145,25,0,0
BRDA:145,25,1,0
BRDA:146,26,0,0
BRDA:146,26,1,0
BRDA:148,27,0,0
BRDA:148,27,1,0
BRDA:151,28,0,0
BRDA:151,28,1,0
BRDA:156,29,0,0
BRDA:156,29,1,0
BRDA:157,30,0,0
BRDA:157,30,1,0
BRDA:164,31,0,0
BRDA:164,31,1,0
BRDA:173,32,0,0
BRDA:173,32,1,0
BRDA:186,33,0,0
BRDA:186,33,1,0
BRDA:188,34,0,0
BRDA:188,34,1,0
BRDA:188,35,0,0
BRDA:188,35,1,0
BRDA:191,36,0,0
BRDA:191,36,1,0
BRDA:208,37,0,0
BRDA:208,37,1,0
BRDA:210,38,0,0
BRDA:210,38,1,0
BRDA:212,39,0,0
BRDA:212,39,1,0
BRDA:212,40,0,0
BRDA:212,40,1,0
BRDA:215,41,0,0
BRDA:215,41,1,0
BRDA:215,42,0,0
BRDA:215,42,1,0
BRDA:225,43,0,0
BRDA:225,43,1,0
BRDA:227,44,0,0
BRDA:227,44,1,0
BRDA:229,45,0,0
BRDA:229,45,1,0
BRDA:229,46,0,0
BRDA:229,46,1,0
BRDA:232,47,0,0
BRDA:232,47,1,0
BRDA:232,48,0,0
BRDA:232,48,1,0
BRDA:241,49,0,0
BRDA:241,49,1,0
BRDA:243,50,0,0
BRDA:243,50,1,0
BRDA:243,51,0,0
BRDA:243,51,1,0
BRDA:255,52,0,0
BRDA:255,52,1,0
BRDA:269,53,0,0
BRDA:269,53,1,0
BRDA:270,54,0,0
BRDA:270,54,1,0
BRDA:272,55,0,0
BRDA:272,55,1,0
BRDA:274,56,0,0
BRDA:274,56,1,0
BRDA:291,57,0,0
BRDA:291,57,1,0
BRDA:291,58,0,0
BRDA:291,58,1,0
BRDA:291,58,2,0
BRDA:291,58,3,0
BRDA:294,59,0,0
BRDA:294,59,1,0
BRDA:294,60,0,0
BRDA:294,60,1,0
BRDA:301,61,0,0
BRDA:301,61,1,0
BRDA:302,62,0,0
BRDA:302,62,1,0
BRDA:312,63,0,0
BRDA:312,63,1,0
BRDA:312,64,0,0
BRDA:312,64,1,0
BRDA:312,64,2,0
BRDA:312,64,3,0
BRDA:315,65,0,0
BRDA:315,65,1,0
BRDA:315,66,0,0
BRDA:315,66,1,0
BRDA:322,67,0,0
BRDA:322,67,1,0
BRDA:323,68,0,0
BRDA:323,68,1,0
BRDA:346,69,0,0
BRDA:346,69,1,0
BRDA:363,70,0,0
BRDA:363,70,1,0
BRDA:364,71,0,0
BRDA:364,71,1,0
BRDA:364,72,0,0
BRDA:364,72,1,0
BRDA:367,73,0,0
BRDA:367,73,1,0
BRDA:367,74,0,0
BRDA:367,74,1,0
BRDA:371,75,0,0
BRDA:371,75,1,0
BRDA:378,76,0,0
BRDA:378,76,1,0
BRDA:390,77,0,0
BRDA:390,77,1,0
BRDA:399,78,0,0
BRDA:399,78,1,0
BRDA:408,79,0,0
BRDA:408,79,1,0
BRDA:414,80,0,0
BRDA:414,80,1,0
BRDA:421,81,0,0
BRDA:421,81,1,0
BRDA:423,82,0,0
BRDA:423,82,1,0
BRDA:425,83,0,0
BRDA:425,83,1,0
BRDA:432,84,0,0
BRDA:432,84,1,0
BRDA:434,85,0,0
BRDA:434,85,1,0
BRDA:444,86,0,0
BRDA:444,86,1,0
BRDA:447,87,0,0
BRDA:447,87,1,0
BRDA:447,88,0,0
BRDA:447,88,1,0
BRDA:455,89,0,0
BRDA:455,89,1,0
BRDA:455,90,0,0
BRDA:455,90,1,0
BRDA:461,91,0,0
BRDA:461,91,1,0
BRDA:464,92,0,0
BRDA:464,92,1,0
BRDA:464,93,0,0
BRDA:464,93,1,0
BRDA:476,94,0,0
BRDA:476,94,1,0
BRDA:476,95,0,0
BRDA:476,95,1,0
BRDA:486,96,0,0
BRDA:486,96,1,0
BRDA:486,97,0,0
BRDA:486,97,1,0
BRDA:490,98,0,0
BRDA:490,98,1,0
BRDA:490,99,0,0
BRDA:490,99,1,0
BRDA:491,100,0,0
BRDA:491,100,1,0
BRDA:513,101,0,0
BRDA:513,101,1,0
BRDA:518,102,0,0
BRDA:518,102,1,0
BRDA:522,103,0,0
BRDA:522,103,1,0
BRDA:522,104,0,0
BRDA:522,104,1,0
BRDA:522,105,0,0
BRDA:522,105,1,0
BRDA:571,106,0,0
BRDA:571,106,1,0
BRDA:576,107,0,0
BRDA:576,107,1,0
BRDA:592,108,0,0
BRDA:592,108,1,0
BRDA:596,109,0,0
BRDA:596,109,1,0
BRDA:597,110,0,0
BRDA:597,110,1,0
BRDA:598,111,0,0
BRDA:598,111,1,0
BRDA:601,112,0,0
BRDA:601,112,1,0
BRDA:604,113,0,0
BRDA:604,113,1,0
BRDA:604,114,0,0
BRDA:604,114,1,0
BRDA:607,115,0,0
BRDA:607,115,1,0
BRDA:614,116,0,0
BRDA:614,116,1,0
BRDA:617,117,0,0
BRDA:617,117,1,0
BRDA:617,118,0,0
BRDA:617,118,1,0
BRDA:618,119,0,0
BRDA:618,119,1,0
BRDA:620,120,0,0
BRDA:620,120,1,0
BRDA:622,121,0,0
BRDA:622,121,1,0
BRDA:631,122,0,0
BRDA:631,122,1,0
BRDA:632,123,0,0
BRDA:632,123,1,0
BRDA:635,124,0,0
BRDA:635,124,1,0
BRDA:662,125,0,0
BRDA:662,125,1,0
BRDA:662,126,0,0
BRDA:662,126,1,0
BRDA:664,127,0,0
BRDA:664,127,1,0
BRDA:668,128,0,0
BRDA:668,128,1,0
BRDA:674,129,0,0
BRDA:674,129,1,0
BRDA:693,130,0,0
BRDA:693,130,1,0
BRDA:704,131,0,0
BRDA:704,131,1,0
BRDA:707,132,0,0
BRDA:707,132,1,0
BRDA:737,133,0,0
BRDA:737,133,1,0
BRDA:739,134,0,0
BRDA:739,134,1,0
BRDA:745,135,0,0
BRDA:745,135,1,0
BRDA:745,136,0,0
BRDA:745,136,1,0
BRDA:750,137,0,0
BRDA:750,137,1,0
BRDA:755,138,0,0
BRDA:755,138,1,0
BRDA:755,139,0,0
BRDA:755,139,1,0
BRDA:775,140,0,0
BRDA:775,140,1,0
BRDA:778,141,0,0
BRDA:778,141,1,0
BRDA:781,142,0,0
BRDA:781,142,1,0
BRDA:793,143,0,0
BRDA:793,143,1,0
BRDA:829,144,0,0
BRDA:829,144,1,0
BRDA:840,145,0,0
BRDA:840,145,1,0
BRDA:842,146,0,0
BRDA:842,146,1,0
BRDA:846,147,0,0
BRDA:846,147,1,0
BRDA:855,148,0,0
BRDA:855,148,1,0
BRDA:864,149,0,0
BRDA:864,149,1,0
BRDA:873,150,0,0
BRDA:873,150,1,0
BRDA:883,151,0,0
BRDA:883,151,1,0
BRDA:892,152,0,0
BRDA:892,152,1,0
BRDA:906,153,0,0
BRDA:906,153,1,0
BRDA:917,154,0,0
BRDA:917,154,1,0
BRDA:926,155,0,0
BRDA:926,155,1,0
BRDA:928,156,0,0
BRDA:928,156,1,0
BRDA:939,157,0,0
BRDA:939,157,1,0
BRDA:941,158,0,0
BRDA:941,158,1,0
BRDA:956,159,0,0
BRDA:956,159,1,0
BRDA:957,160,0,0
BRDA:957,160,1,0
BRDA:959,161,0,0
BRDA:959,161,1,0
BRDA:959,162,0,0
BRDA:959,162,1,0
BRDA:962,163,0,0
BRDA:962,163,1,0
BRDA:964,164,0,0
BRDA:964,164,1,0
BRDA:968,165,0,0
BRDA:968,165,1,0
BRDA:970,166,0,0
BRDA:970,166,1,0
BRDA:970,166,2,0
BRDA:970,166,3,0
BRDA:970,166,4,0
BRDA:979,167,0,0
BRDA:979,167,1,0
BRDA:979,168,0,0
BRDA:979,168,1,0
BRDA:988,169,0,0
BRDA:988,169,1,0
BRDA:988,169,2,0
BRDA:988,169,3,0
BRDA:990,170,0,0
BRDA:990,170,1,0
BRDA:990,171,0,0
BRDA:990,171,1,0
BRDA:998,172,0,0
BRDA:998,172,1,0
BRDA:1005,173,0,0
BRDA:1005,173,1,0
BRDA:1005,174,0,0
BRDA:1005,174,1,0
BRDA:1005,175,0,0
BRDA:1005,175,1,0
BRDA:1005,175,2,0
BRDA:1005,175,3,0
BRDA:1014,176,0,0
BRDA:1014,176,1,0
BRDA:1018,177,0,0
BRDA:1018,177,1,0
BRDA:1021,178,0,0
BRDA:1021,178,1,0
BRDA:1028,179,0,0
BRDA:1028,179,1,0
BRDA:1032,180,0,0
BRDA:1032,180,1,0
BRDA:1032,181,0,0
BRDA:1032,181,1,0
BRDA:1037,182,0,0
BRDA:1037,182,1,0
BRDA:1039,183,0,0
BRDA:1039,183,1,0
BRDA:1039,184,0,0
BRDA:1039,184,1,0
BRDA:1059,185,0,0
BRDA:1059,185,1,0
BRDA:1061,186,0,0
BRDA:1061,186,1,0
BRDA:1061,187,0,0
BRDA:1061,187,1,0
BRDA:1064,188,0,0
BRDA:1064,188,1,0
BRDA:1071,189,0,0
BRDA:1071,189,1,0
BRDA:1076,190,0,0
BRDA:1076,190,1,0
BRDA:1095,191,0,0
BRDA:1095,191,1,0
BRDA:1097,192,0,0
BRDA:1097,192,1,0
BRDA:1102,193,0,0
BRDA:1102,193,1,0
BRDA:1110,194,0,0
BRDA:1110,194,1,0
BRDA:1115,195,0,0
BRDA:1115,195,1,0
BRDA:1120,196,0,0
BRDA:1120,196,1,0
BRDA:1120,196,2,0
BRDA:1165,197,0,0
BRDA:1165,197,1,0
BRDA:1194,198,0,0
BRDA:1194,198,1,0
BRDA:1205,199,0,0
BRDA:1205,199,1,0
BRDA:1209,200,0,0
BRDA:1209,200,1,0
BRDA:1229,201,0,0
BRDA:1229,201,1,0
BRDA:1267,202,0,0
BRDA:1267,202,1,0
BRDA:1267,203,0,0
BRDA:1267,203,1,0
BRDA:1267,204,0,0
BRDA:1267,204,1,0
BRDA:1277,205,0,0
BRDA:1277,205,1,0
BRDA:1280,206,0,0
BRDA:1280,206,1,0
BRDA:1283,207,0,0
BRDA:1283,207,1,0
BRDA:1292,208,0,0
BRDA:1292,208,1,0
BRDA:1298,209,0,0
BRDA:1298,209,1,0
BRDA:1304,210,0,0
BRDA:1304,210,1,0
BRDA:1311,211,0,0
BRDA:1311,211,1,0
BRDA:1329,212,0,0
BRDA:1329,212,1,0
BRDA:1341,213,0,0
BRDA:1341,213,1,0
BRDA:1341,214,0,0
BRDA:1341,214,1,0
BRDA:1341,214,2,0
BRF:441
BRH:0
end_of_record
TN:
SF:/Users/ykwasi/Github/testTiUnit/app/assets/config/address/addressConfig.js
FNF:0
FNH:0
DA:9,0
LF:1
LH:0
BRF:0
BRH:0
end_of_record
TN:
SF:/Users/ykwasi/Github/testTiUnit/app/assets/config/address/addressForm_Asia.js
FN:6,(anonymous_1)
FN:308,(anonymous_2)
FN:318,(anonymous_3)
FNF:3
FNH:0
FNDA:0,(anonymous_1)
FNDA:0,(anonymous_2)
FNDA:0,(anonymous_3)
DA:6,0
DA:7,0
DA:305,0
DA:308,0
DA:309,0
DA:318,0
DA:319,0
LF:7
LH:0
BRF:0
BRH:0
end_of_record
TN:
SF:/Users/ykwasi/Github/testTiUnit/app/assets/config/address/addressForm_EU.js
FN:5,(anonymous_1)
FN:299,(anonymous_2)
FN:309,(anonymous_3)
FNF:3
FNH:0
FNDA:0,(anonymous_1)
FNDA:0,(anonymous_2)
FNDA:0,(anonymous_3)
DA:5,0
DA:6,0
DA:296,0
DA:299,0
DA:300,0
DA:309,0
DA:310,0
LF:7
LH:0
BRF:0
BRH:0
end_of_record
TN:
SF:/Users/ykwasi/Github/testTiUnit/app/assets/config/address/addressForm_NA.js
FN:6,(anonymous_1)
FN:316,(anonymous_2)
FN:326,(anonymous_3)
FNF:3
FNH:0
FNDA:0,(anonymous_1)
FNDA:0,(anonymous_2)
FNDA:0,(anonymous_3)
DA:6,0
DA:7,0
DA:313,0
DA:316,0
DA:317,0
DA:326,0
DA:327,0
LF:7
LH:0
BRF:0
BRH:0
end_of_record
TN:
SF:/Users/ykwasi/Github/testTiUnit/app/assets/config/address/storePickup_Asia.js
FN:6,(anonymous_1)
FNF:1
FNH:0
FNDA:0,(anonymous_1)
DA:6,0
DA:8,0
LF:2
LH:0
BRF:0
BRH:0
end_of_record
TN:
SF:/Users/ykwasi/Github/testTiUnit/app/assets/config/address/storePickup_EU.js
FN:6,(anonymous_1)
FNF:1
FNH:0
FNDA:0,(anonymous_1)
DA:6,0
DA:8,0
LF:2
LH:0
BRF:0
BRH:0
end_of_record
TN:
SF:/Users/ykwasi/Github/testTiUnit/app/assets/config/address/storePickup_NA.js
FN:6,(anonymous_1)
FNF:1
FNH:0
FNDA:0,(anonymous_1)
DA:6,0
DA:8,0
LF:2
LH:0
BRF:0
BRH:0
end_of_record
TN:
SF:/Users/ykwasi/Github/testTiUnit/app/assets/config/address/storePickupConfig.js
FNF:0
FNH:0
DA:9,0
LF:1
LH:0
BRF:0
BRH:0
end_of_record
TN:
SF:/Users/ykwasi/Github/testTiUnit/app/assets/config/admin.js
FNF:0
FNH:0
DA:6,0
LF:1
LH:0
BRF:0
BRH:0
end_of_record
TN:
SF:/Users/ykwasi/Github/testTiUnit/app/assets/config/analytics.js
FNF:0
FNH:0
DA:6,0
LF:1
LH:0
BRF:0
BRH:0
end_of_record
TN:
SF:/Users/ykwasi/Github/testTiUnit/app/assets/config/category.js
FNF:0
FNH:0
DA:6,0
LF:1
LH:0
BRF:0
BRH:0
end_of_record
TN:
SF:/Users/ykwasi/Github/testTiUnit/app/assets/config/countries.js
FNF:0
FNH:0
DA:7,0
LF:1
LH:0
BRF:0
BRH:0
end_of_record
TN:
SF:/Users/ykwasi/Github/testTiUnit/app/assets/config/devices.js
FNF:0
FNH:0
DA:6,0
LF:1
LH:0
BRF:0
BRH:0
end_of_record
TN:
SF:/Users/ykwasi/Github/testTiUnit/app/assets/config/main.js
FNF:0
FNH:0
DA:6,0
LF:1
LH:0
BRF:0
BRH:0
end_of_record
TN:
SF:/Users/ykwasi/Github/testTiUnit/app/assets/config/modelTests.js
FNF:0
FNH:0
DA:6,0
LF:1
LH:0
BRF:0
BRH:0
end_of_record
TN:
SF:/Users/ykwasi/Github/testTiUnit/app/assets/config/ocapi.js
FNF:0
FNH:0
DA:6,0
LF:1
LH:0
BRF:0
BRH:0
end_of_record
TN:
SF:/Users/ykwasi/Github/testTiUnit/app/assets/config/product.js
FNF:0
FNH:0
DA:6,0
LF:1
LH:0
BRF:0
BRH:0
end_of_record
TN:
SF:/Users/ykwasi/Github/testTiUnit/app/assets/config/productSearch.js
FNF:0
FNH:0
DA:6,0
LF:1
LH:0
BRF:0
BRH:0
end_of_record
TN:
SF:/Users/ykwasi/Github/testTiUnit/app/assets/config/storefront.js
FNF:0
FNH:0
DA:6,0
LF:1
LH:0
BRF:0
BRH:0
end_of_record
TN:
SF:/Users/ykwasi/Github/testTiUnit/app/assets/config/user.js
FNF:0
FNH:0
DA:8,0
LF:1
LH:0
BRF:0
BRH:0
end_of_record
TN:
SF:/Users/ykwasi/Github/testTiUnit/app/controllers/appIndex.js
FN:57,init
FN:68,deinit
FN:100,handleAppRoute
FN:106,(anonymous_4)
FN:108,(anonymous_5)
FN:120,(anonymous_6)
FN:122,(anonymous_7)
FN:140,(anonymous_8)
FN:142,(anonymous_9)
FN:164,(anonymous_10)
FN:166,(anonymous_11)
FN:185,(anonymous_12)
FN:187,(anonymous_13)
FN:193,(anonymous_14)
FN:195,(anonymous_15)
FN:207,(anonymous_16)
FN:213,(anonymous_17)
FN:219,(anonymous_18)
FN:221,(anonymous_19)
FN:237,(anonymous_20)
FN:239,(anonymous_21)
FN:254,showHomeScreen
FN:265,(anonymous_23)
FN:270,(anonymous_24)
FN:304,showProductSearchScreen
FN:308,(anonymous_26)
FN:312,(anonymous_27)
FN:340,showSearchDialog
FN:351,(anonymous_29)
FN:377,showProductDetailScreen
FN:391,(anonymous_31)
FN:394,(anonymous_32)
FN:416,requireAssociateLoggedIn
FN:430,showOrderSearchScreen
FN:432,(anonymous_35)
FN:444,(anonymous_36)
FN:459,showCustomerSearchScreen
FN:462,(anonymous_38)
FN:470,(anonymous_39)
FN:484,showCustomerDetailScreen
FN:499,showCustomerSearchDialog
FN:515,showCreateAccountDialog
FN:519,(anonymous_43)
FN:528,(anonymous_44)
FN:535,(anonymous_45)
FN:553,(anonymous_46)
FN:556,(anonymous_47)
FN:558,(anonymous_48)
FN:566,(anonymous_49)
FN:569,(anonymous_50)
FN:577,(anonymous_51)
FN:585,(anonymous_52)
FN:599,doCustomerLogout
FN:607,(anonymous_54)
FN:617,(anonymous_55)
FN:619,(anonymous_56)
FN:622,(anonymous_57)
FN:635,resetAssociate
FN:642,(anonymous_59)
FN:645,(anonymous_60)
FN:649,(anonymous_61)
FN:656,(anonymous_62)
FN:659,(anonymous_63)
FN:663,(anonymous_64)
FN:671,(anonymous_65)
FN:688,customerLogoutFailureCleanup
FN:706,doAssociateLogout
FN:727,(anonymous_68)
FN:734,(anonymous_69)
FN:741,(anonymous_70)
FN:750,(anonymous_71)
FN:761,(anonymous_72)
FN:780,showAssociateLoginDialog
FN:788,(anonymous_74)
FN:790,(anonymous_75)
FN:806,showCartScreen
FN:827,associateLogout
FN:831,(anonymous_78)
FN:835,(anonymous_79)
FN:843,(anonymous_80)
FN:854,removeAllDrawers
FN:866,bringViewToFront
FN:889,Router
FN:898,(anonymous_84)
FN:912,(anonymous_85)
FN:926,(anonymous_86)
FN:940,(anonymous_87)
FN:954,(anonymous_88)
FN:968,(anonymous_89)
FN:983,(anonymous_90)
FN:999,(anonymous_91)
FN:1014,(anonymous_92)
FN:1029,(anonymous_93)
FN:1044,(anonymous_94)
FN:1058,(anonymous_95)
FN:1072,(anonymous_96)
FN:1086,(anonymous_97)
FN:1100,(anonymous_98)
FN:1114,(anonymous_99)
FN:1128,(anonymous_100)
FN:1142,(anonymous_101)
FN:1152,(anonymous_102)
FN:1167,(anonymous_103)
FN:1179,(anonymous_104)
FN:1188,(anonymous_105)
FN:1197,(anonymous_106)
FN:1208,(anonymous_107)
FN:1222,checkPaymentDevice
FN:1227,(anonymous_109)
FN:1229,(anonymous_110)
FN:1245,createNoPaymentTerminal
FN:1253,(anonymous_112)
FN:1267,(anonymous_113)
FN:1284,removePaymentDeviceDialogInterval
FN:1297,addPaymentDeviceDialogInterval
FN:1312,onAppReady
FN:1323,(anonymous_117)
FN:1338,ViewManager
FN:1341,(anonymous_119)
FN:1345,(anonymous_120)
FN:1349,(anonymous_121)
FN:1353,(anonymous_122)
FN:1357,(anonymous_123)
FN:1361,(anonymous_124)
FNF:124
FNH:0
FNDA:0,init
FNDA:0,deinit
FNDA:0,handleAppRoute
FNDA:0,(anonymous_4)
FNDA:0,(anonymous_5)
FNDA:0,(anonymous_6)
FNDA:0,(anonymous_7)
FNDA:0,(anonymous_8)
FNDA:0,(anonymous_9)
FNDA:0,(anonymous_10)
FNDA:0,(anonymous_11)
FNDA:0,(anonymous_12)
FNDA:0,(anonymous_13)
FNDA:0,(anonymous_14)
FNDA:0,(anonymous_15)
FNDA:0,(anonymous_16)
FNDA:0,(anonymous_17)
FNDA:0,(anonymous_18)
FNDA:0,(anonymous_19)
FNDA:0,(anonymous_20)
FNDA:0,(anonymous_21)
FNDA:0,showHomeScreen
FNDA:0,(anonymous_23)
FNDA:0,(anonymous_24)
FNDA:0,showProductSearchScreen
FNDA:0,(anonymous_26)
FNDA:0,(anonymous_27)
FNDA:0,showSearchDialog
FNDA:0,(anonymous_29)
FNDA:0,showProductDetailScreen
FNDA:0,(anonymous_31)
FNDA:0,(anonymous_32)
FNDA:0,requireAssociateLoggedIn
FNDA:0,showOrderSearchScreen
FNDA:0,(anonymous_35)
FNDA:0,(anonymous_36)
FNDA:0,showCustomerSearchScreen
FNDA:0,(anonymous_38)
FNDA:0,(anonymous_39)
FNDA:0,showCustomerDetailScreen
FNDA:0,showCustomerSearchDialog
FNDA:0,showCreateAccountDialog
FNDA:0,(anonymous_43)
FNDA:0,(anonymous_44)
FNDA:0,(anonymous_45)
FNDA:0,(anonymous_46)
FNDA:0,(anonymous_47)
FNDA:0,(anonymous_48)
FNDA:0,(anonymous_49)
FNDA:0,(anonymous_50)
FNDA:0,(anonymous_51)
FNDA:0,(anonymous_52)
FNDA:0,doCustomerLogout
FNDA:0,(anonymous_54)
FNDA:0,(anonymous_55)
FNDA:0,(anonymous_56)
FNDA:0,(anonymous_57)
FNDA:0,resetAssociate
FNDA:0,(anonymous_59)
FNDA:0,(anonymous_60)
FNDA:0,(anonymous_61)
FNDA:0,(anonymous_62)
FNDA:0,(anonymous_63)
FNDA:0,(anonymous_64)
FNDA:0,(anonymous_65)
FNDA:0,customerLogoutFailureCleanup
FNDA:0,doAssociateLogout
FNDA:0,(anonymous_68)
FNDA:0,(anonymous_69)
FNDA:0,(anonymous_70)
FNDA:0,(anonymous_71)
FNDA:0,(anonymous_72)
FNDA:0,showAssociateLoginDialog
FNDA:0,(anonymous_74)
FNDA:0,(anonymous_75)
FNDA:0,showCartScreen
FNDA:0,associateLogout
FNDA:0,(anonymous_78)
FNDA:0,(anonymous_79)
FNDA:0,(anonymous_80)
FNDA:0,removeAllDrawers
FNDA:0,bringViewToFront
FNDA:0,Router
FNDA:0,(anonymous_84)
FNDA:0,(anonymous_85)
FNDA:0,(anonymous_86)
FNDA:0,(anonymous_87)
FNDA:0,(anonymous_88)
FNDA:0,(anonymous_89)
FNDA:0,(anonymous_90)
FNDA:0,(anonymous_91)
FNDA:0,(anonymous_92)
FNDA:0,(anonymous_93)
FNDA:0,(anonymous_94)
FNDA:0,(anonymous_95)
FNDA:0,(anonymous_96)
FNDA:0,(anonymous_97)
FNDA:0,(anonymous_98)
FNDA:0,(anonymous_99)
FNDA:0,(anonymous_100)
FNDA:0,(anonymous_101)
FNDA:0,(anonymous_102)
FNDA:0,(anonymous_103)
FNDA:0,(anonymous_104)
FNDA:0,(anonymous_105)
FNDA:0,(anonymous_106)
FNDA:0,(anonymous_107)
FNDA:0,checkPaymentDevice
FNDA:0,(anonymous_109)
FNDA:0,(anonymous_110)
FNDA:0,createNoPaymentTerminal
FNDA:0,(anonymous_112)
FNDA:0,(anonymous_113)
FNDA:0,removePaymentDeviceDialogInterval
FNDA:0,addPaymentDeviceDialogInterval
FNDA:0,onAppReady
FNDA:0,(anonymous_117)
FNDA:0,ViewManager
FNDA:0,(anonymous_119)
FNDA:0,(anonymous_120)
FNDA:0,(anonymous_121)
FNDA:0,(anonymous_122)
FNDA:0,(anonymous_123)
FNDA:0,(anonymous_124)
DA:9,0
DA:10,0
DA:11,0
DA:12,0
DA:14,0
DA:15,0
DA:16,0
DA:17,0
DA:18,0
DA:19,0
DA:20,0
DA:21,0
DA:22,0
DA:23,0
DA:24,0
DA:26,0
DA:38,0
DA:39,0
DA:44,0
DA:45,0
DA:46,0
DA:47,0
DA:57,0
DA:58,0
DA:59,0
DA:60,0
DA:68,0
DA:69,0
DA:71,0
DA:74,0
DA:77,0
DA:78,0
DA:79,0
DA:80,0
DA:81,0
DA:82,0
DA:83,0
DA:84,0
DA:85,0
DA:86,0
DA:87,0
DA:100,0
DA:101,0
DA:102,0
DA:103,0
DA:105,0
DA:106,0
DA:107,0
DA:109,0
DA:111,0
DA:114,0
DA:115,0
DA:116,0
DA:117,0
DA:118,0
DA:120,0
DA:121,0
DA:123,0
DA:126,0
DA:129,0
DA:130,0
DA:131,0
DA:134,0
DA:135,0
DA:136,0
DA:137,0
DA:138,0
DA:140,0
DA:141,0
DA:143,0
DA:146,0
DA:149,0
DA:150,0
DA:151,0
DA:154,0
DA:155,0
DA:156,0
DA:159,0
DA:160,0
DA:161,0
DA:164,0
DA:165,0
DA:167,0
DA:169,0
DA:172,0
DA:173,0
DA:175,0
DA:176,0
DA:178,0
DA:179,0
DA:181,0
DA:184,0
DA:185,0
DA:186,0
DA:188,0
DA:190,0
DA:193,0
DA:194,0
DA:196,0
DA:198,0
DA:201,0
DA:202,0
DA:203,0
DA:204,0
DA:205,0
DA:207,0
DA:208,0
DA:209,0
DA:210,0
DA:211,0
DA:214,0
DA:216,0
DA:219,0
DA:220,0
DA:222,0
DA:224,0
DA:227,0
DA:228,0
DA:230,0
DA:232,0
DA:233,0
DA:234,0
DA:237,0
DA:238,0
DA:240,0
DA:242,0
DA:244,0
DA:254,0
DA:255,0
DA:258,0
DA:259,0
DA:261,0
DA:265,0
DA:267,0
DA:268,0
DA:269,0
DA:272,0
DA:273,0
DA:274,0
DA:275,0
DA:277,0
DA:283,0
DA:287,0
DA:288,0
DA:289,0
DA:290,0
DA:294,0
DA:304,0
DA:305,0
DA:306,0
DA:308,0
DA:309,0
DA:311,0
DA:313,0
DA:314,0
DA:316,0
DA:317,0
DA:318,0
DA:319,0
DA:320,0
DA:322,0
DA:324,0
DA:326,0
DA:327,0
DA:331,0
DA:340,0
DA:341,0
DA:344,0
DA:345,0
DA:347,0
DA:352,0
DA:353,0
DA:354,0
DA:361,0
DA:362,0
DA:364,0
DA:366,0
DA:377,0
DA:378,0
DA:379,0
DA:380,0
DA:382,0
DA:386,0
DA:392,0
DA:393,0
DA:395,0
DA:397,0
DA:398,0
DA:400,0
DA:401,0
DA:402,0
DA:407,0
DA:416,0
DA:417,0
DA:430,0
DA:431,0
DA:432,0
DA:434,0
DA:435,0
DA:436,0
DA:437,0
DA:438,0
DA:439,0
DA:441,0
DA:445,0
DA:446,0
DA:449,0
DA:459,0
DA:460,0
DA:462,0
DA:464,0
DA:465,0
DA:466,0
DA:467,0
DA:471,0
DA:472,0
DA:475,0
DA:484,0
DA:485,0
DA:486,0
DA:487,0
DA:490,0
DA:499,0
DA:500,0
DA:504,0
DA:505,0
DA:507,0
DA:515,0
DA:516,0
DA:520,0
DA:521,0
DA:522,0
DA:525,0
DA:528,0
DA:529,0
DA:530,0
DA:531,0
DA:537,0
DA:542,0
DA:549,0
DA:550,0
DA:553,0
DA:554,0
DA:555,0
DA:557,0
DA:559,0
DA:563,0
DA:567,0
DA:568,0
DA:570,0
DA:571,0
DA:572,0
DA:573,0
DA:574,0
DA:576,0
DA:578,0
DA:581,0
DA:586,0
DA:587,0
DA:599,0
DA:600,0
DA:601,0
DA:602,0
DA:605,0
DA:608,0
DA:609,0
DA:610,0
DA:613,0
DA:614,0
DA:615,0
DA:616,0
DA:617,0
DA:618,0
DA:620,0
DA:623,0
DA:625,0
DA:635,0
DA:636,0
DA:637,0
DA:638,0
DA:639,0
DA:643,0
DA:645,0
DA:646,0
DA:647,0
DA:650,0
DA:651,0
DA:652,0
DA:654,0
DA:655,0
DA:657,0
DA:660,0
DA:661,0
DA:664,0
DA:665,0
DA:666,0
DA:672,0
DA:673,0
DA:674,0
DA:678,0
DA:688,0
DA:689,0
DA:690,0
DA:691,0
DA:692,0
DA:693,0
DA:696,0
DA:706,0
DA:707,0
DA:708,0
DA:709,0
DA:710,0
DA:711,0
DA:713,0
DA:714,0
DA:715,0
DA:717,0
DA:721,0
DA:722,0
DA:723,0
DA:727,0
DA:728,0
DA:729,0
DA:734,0
DA:735,0
DA:737,0
DA:738,0
DA:739,0
DA:742,0
DA:743,0
DA:744,0
DA:747,0
DA:748,0
DA:751,0
DA:757,0
DA:758,0
DA:759,0
DA:762,0
DA:763,0
DA:766,0
DA:767,0
DA:770,0
DA:780,0
DA:781,0
DA:783,0
DA:784,0
DA:785,0
DA:787,0
DA:788,0
DA:789,0
DA:791,0
DA:794,0
DA:795,0
DA:797,0
DA:806,0
DA:807,0
DA:809,0
DA:810,0
DA:811,0
DA:813,0
DA:814,0
DA:816,0
DA:827,0
DA:828,0
DA:829,0
DA:831,0
DA:832,0
DA:833,0
DA:834,0
DA:835,0
DA:836,0
DA:837,0
DA:839,0
DA:840,0
DA:841,0
DA:844,0
DA:845,0
DA:854,0
DA:855,0
DA:856,0
DA:866,0
DA:867,0
DA:870,0
DA:871,0
DA:872,0
DA:873,0
DA:874,0
DA:876,0
DA:877,0
DA:878,0
DA:889,0
DA:890,0
DA:899,0
DA:902,0
DA:913,0
DA:916,0
DA:927,0
DA:930,0
DA:941,0
DA:944,0
DA:955,0
DA:958,0
DA:969,0
DA:973,0
DA:984,0
DA:989,0
DA:1000,0
DA:1004,0
DA:1015,0
DA:1019,0
DA:1030,0
DA:1034,0
DA:1045,0
DA:1048,0
DA:1059,0
DA:1062,0
DA:1073,0
DA:1076,0
DA:1087,0
DA:1090,0
DA:1101,0
DA:1104,0
DA:1115,0
DA:1118,0
DA:1129,0
DA:1132,0
DA:1143,0
DA:1153,0
DA:1154,0
DA:1155,0
DA:1156,0
DA:1157,0
DA:1168,0
DA:1180,0
DA:1189,0
DA:1198,0
DA:1210,0
DA:1222,0
DA:1223,0
DA:1224,0
DA:1225,0
DA:1226,0
DA:1227,0
DA:1228,0
DA:1230,0
DA:1233,0
DA:1234,0
DA:1236,0
DA:1245,0
DA:1246,0
DA:1247,0
DA:1249,0
DA:1250,0
DA:1254,0
DA:1256,0
DA:1257,0
DA:1259,0
DA:1261,0
DA:1264,0
DA:1267,0
DA:1269,0
DA:1270,0
DA:1272,0
DA:1276,0
DA:1284,0
DA:1285,0
DA:1286,0
DA:1287,0
DA:1288,0
DA:1297,0
DA:1298,0
DA:1299,0
DA:1301,0
DA:1302,0
DA:1303,0
DA:1312,0
DA:1313,0
DA:1316,0
DA:1317,0
DA:1318,0
DA:1320,0
DA:1323,0
DA:1324,0
DA:1325,0
DA:1326,0
DA:1328,0
DA:1338,0
DA:1340,0
DA:1342,0
DA:1346,0
DA:1350,0
DA:1354,0
DA:1358,0
DA:1362,0
LF:494
LH:0
BRDA:103,1,0,0
BRDA:103,1,1,0
BRDA:103,1,2,0
BRDA:103,1,3,0
BRDA:103,1,4,0
BRDA:103,1,5,0
BRDA:103,1,6,0
BRDA:103,1,7,0
BRDA:103,1,8,0
BRDA:103,1,9,0
BRDA:103,1,10,0
BRDA:103,1,11,0
BRDA:103,1,12,0
BRDA:103,1,13,0
BRDA:103,1,14,0
BRDA:114,2,0,0
BRDA:114,2,1,0
BRDA:135,3,0,0
BRDA:135,3,1,0
BRDA:173,4,0,0
BRDA:173,4,1,0
BRDA:203,5,0,0
BRDA:203,5,1,0
BRDA:209,6,0,0
BRDA:209,6,1,0
BRDA:209,7,0,0
BRDA:209,7,1,0
BRDA:209,7,2,0
BRDA:228,8,0,0
BRDA:228,8,1,0
BRDA:228,9,0,0
BRDA:228,9,1,0
[...]
BRDA:232,40,1,0
BRDA:232,41,0,0
BRDA:232,41,1,0
BRDA:232,41,2,0
BRDA:254,42,0,0
BRDA:254,42,1,0
BRDA:255,43,0,0
BRDA:255,43,1,0
BRDA:273,44,0,0
BRDA:273,44,1,0
BRDA:276,45,0,0
BRDA:276,45,1,0
BRDA:293,46,0,0
BRDA:293,46,1,0
BRDA:298,47,0,0
BRDA:298,47,1,0
BRDA:310,48,0,0
BRDA:310,48,1,0
BRDA:312,49,0,0
BRDA:312,49,1,0
BRF:103
BRH:0
end_of_record
TN:
SF:/Users/ykwasi/Github/testTiUnit/app/models/productItem.js
FN:15,(anonymous_1)
FN:23,(anonymous_2)
FN:33,(anonymous_3)
FN:51,(anonymous_4)
FN:77,(anonymous_5)
FN:85,(anonymous_6)
FN:93,(anonymous_7)
FN:101,(anonymous_8)
FN:109,(anonymous_9)
FN:117,(anonymous_10)
FN:125,(anonymous_11)
FN:133,(anonymous_12)
FN:142,(anonymous_13)
FN:151,(anonymous_14)
FN:160,(anonymous_15)
FN:168,(anonymous_16)
FN:176,(anonymous_17)
FN:184,(anonymous_18)
FN:192,(anonymous_19)
FN:200,(anonymous_20)
FN:208,(anonymous_21)
FN:216,(anonymous_22)
FN:224,(anonymous_23)
FN:232,(anonymous_24)
FN:240,(anonymous_25)
FN:248,(anonymous_26)
FN:256,(anonymous_27)
FN:264,(anonymous_28)
FN:275,(anonymous_29)
FN:282,(anonymous_30)
FNF:30
FNH:0
FNDA:0,(anonymous_1)
FNDA:0,(anonymous_2)
FNDA:0,(anonymous_3)
FNDA:0,(anonymous_4)
FNDA:0,(anonymous_5)
FNDA:0,(anonymous_6)
FNDA:0,(anonymous_7)
FNDA:0,(anonymous_8)
FNDA:0,(anonymous_9)
FNDA:0,(anonymous_10)
FNDA:0,(anonymous_11)
FNDA:0,(anonymous_12)
FNDA:0,(anonymous_13)
FNDA:0,(anonymous_14)
FNDA:0,(anonymous_15)
FNDA:0,(anonymous_16)
FNDA:0,(anonymous_17)
FNDA:0,(anonymous_18)
FNDA:0,(anonymous_19)
FNDA:0,(anonymous_20)
FNDA:0,(anonymous_21)
FNDA:0,(anonymous_22)
FNDA:0,(anonymous_23)
FNDA:0,(anonymous_24)
FNDA:0,(anonymous_25)
FNDA:0,(anonymous_26)
FNDA:0,(anonymous_27)
FNDA:0,(anonymous_28)
FNDA:0,(anonymous_29)
FNDA:0,(anonymous_30)
DA:9,0
DA:16,0
DA:24,0
DA:27,0
DA:34,0
DA:38,0
DA:41,0
DA:52,0
DA:78,0
DA:86,0
DA:94,0
DA:102,0
DA:110,0
DA:118,0
DA:126,0
DA:134,0
DA:143,0
DA:152,0
DA:161,0
DA:169,0
DA:177,0
DA:185,0
DA:193,0
DA:201,0
DA:209,0
DA:217,0
DA:225,0
DA:233,0
DA:241,0
DA:249,0
DA:257,0
DA:265,0
DA:276,0
DA:280,0
DA:283,0
DA:286,0
DA:290,0
DA:291,0
LF:38
LH:0
BRDA:126,1,0,0
BRDA:126,1,1,0
BRDA:134,2,0,0
BRDA:134,2,1,0
BRDA:249,3,0,0
BRDA:249,3,1,0
BRF:6
BRH:0
end_of_record
TN:
SF:/Users/ykwasi/Github/testTiUnit/app/models/productListItems.js
FN:15,(anonymous_1)
FN:24,(anonymous_2)
FN:32,(anonymous_3)
FN:40,(anonymous_4)
FN:48,(anonymous_5)
FN:56,(anonymous_6)
FN:64,(anonymous_7)
FN:72,(anonymous_8)
FN:80,(anonymous_9)
FN:88,(anonymous_10)
FN:96,(anonymous_11)
FN:104,(anonymous_12)
FN:111,(anonymous_13)
FN:120,(anonymous_14)
FN:128,(anonymous_15)
FN:136,(anonymous_16)
FN:138,(anonymous_17)
FN:148,(anonymous_18)
FN:150,(anonymous_19)
FN:161,(anonymous_20)
FN:162,(anonymous_21)
FNF:21
FNH:0
FNDA:0,(anonymous_1)
FNDA:0,(anonymous_2)
FNDA:0,(anonymous_3)
FNDA:0,(anonymous_4)
FNDA:0,(anonymous_5)
FNDA:0,(anonymous_6)
FNDA:0,(anonymous_7)
FNDA:0,(anonymous_8)
FNDA:0,(anonymous_9)
FNDA:0,(anonymous_10)
FNDA:0,(anonymous_11)
FNDA:0,(anonymous_12)
FNDA:0,(anonymous_13)
FNDA:0,(anonymous_14)
FNDA:0,(anonymous_15)
FNDA:0,(anonymous_16)
FNDA:0,(anonymous_17)
FNDA:0,(anonymous_18)
FNDA:0,(anonymous_19)
FNDA:0,(anonymous_20)
FNDA:0,(anonymous_21)
DA:8,0
DA:16,0
DA:25,0
DA:33,0
DA:41,0
DA:49,0
DA:57,0
DA:65,0
DA:73,0
DA:81,0
DA:89,0
DA:97,0
DA:105,0
DA:109,0
DA:112,0
DA:121,0
DA:129,0
DA:137,0
DA:138,0
DA:139,0
DA:141,0
DA:149,0
DA:150,0
DA:151,0
DA:153,0
DA:162,0
DA:163,0
DA:165,0
DA:167,0
DA:169,0
DA:174,0
LF:31
LH:0
BRDA:165,1,0,0
BRDA:165,1,1,0
BRF:2
BRH:0
end_of_record
TN:
SF:/Users/ykwasi/Github/testTiUnit/app/models/productLists.js
FN:12,queryParams
FN:34,(anonymous_2)
FN:42,(anonymous_3)
FN:56,(anonymous_4)
FN:76,(anonymous_5)
FN:84,(anonymous_6)
FN:92,(anonymous_7)
FN:100,(anonymous_8)
FN:108,(anonymous_9)
FN:116,(anonymous_10)
FN:124,(anonymous_11)
FN:136,(anonymous_12)
FN:142,(anonymous_13)
FN:150,(anonymous_14)
FN:159,(anonymous_15)
FN:176,(anonymous_16)
FN:179,(anonymous_17)
FN:193,(anonymous_18)
FN:197,(anonymous_19)
FN:216,(anonymous_20)
FN:226,(anonymous_21)
FN:228,(anonymous_22)
FN:230,(anonymous_23)
FN:245,(anonymous_24)
FN:248,(anonymous_25)
FN:263,(anonymous_26)
FN:267,(anonymous_27)
FN:283,(anonymous_28)
FN:293,(anonymous_29)
FN:307,(anonymous_30)
FN:310,(anonymous_31)
FN:320,(anonymous_32)
FN:334,(anonymous_33)
FN:342,(anonymous_34)
FN:350,(anonymous_35)
FN:358,(anonymous_36)
FN:366,(anonymous_37)
FN:374,(anonymous_38)
FN:382,(anonymous_39)
FN:390,(anonymous_40)
FN:398,(anonymous_41)
FN:400,(anonymous_42)
FN:410,(anonymous_43)
FN:420,(anonymous_44)
FN:430,(anonymous_45)
FN:440,(anonymous_46)
FN:450,(anonymous_47)
FN:463,(anonymous_48)
FN:465,(anonymous_49)
FN:478,(anonymous_50)
FN:480,(anonymous_51)
FN:495,(anonymous_52)
FN:509,(anonymous_53)
FN:523,(anonymous_54)
FN:537,(anonymous_55)
FN:550,(anonymous_56)
FN:552,(anonymous_57)
FN:553,(anonymous_58)
FN:564,(anonymous_59)
FN:570,(anonymous_60)
FN:573,(anonymous_61)
FN:586,(anonymous_62)
FN:590,(anonymous_63)
FN:600,(anonymous_64)
FN:604,(anonymous_65)
FN:634,(anonymous_66)
FN:637,(anonymous_67)
FN:657,(anonymous_68)
FN:663,(anonymous_69)
FN:665,(anonymous_70)
FN:667,(anonymous_71)
FN:670,(anonymous_72)
FN:682,(anonymous_73)
FNF:73
FNH:0
FNDA:0,queryParams
FNDA:0,(anonymous_2)
FNDA:0,(anonymous_3)
FNDA:0,(anonymous_4)
FNDA:0,(anonymous_5)
FNDA:0,(anonymous_6)
FNDA:0,(anonymous_7)
FNDA:0,(anonymous_8)
FNDA:0,(anonymous_9)
FNDA:0,(anonymous_10)
FNDA:0,(anonymous_11)
FNDA:0,(anonymous_12)
FNDA:0,(anonymous_13)
FNDA:0,(anonymous_14)
FNDA:0,(anonymous_15)
FNDA:0,(anonymous_16)
FNDA:0,(anonymous_17)
FNDA:0,(anonymous_18)
FNDA:0,(anonymous_19)
FNDA:0,(anonymous_20)
FNDA:0,(anonymous_21)
FNDA:0,(anonymous_22)
FNDA:0,(anonymous_23)
FNDA:0,(anonymous_24)
FNDA:0,(anonymous_25)
FNDA:0,(anonymous_26)
FNDA:0,(anonymous_27)
FNDA:0,(anonymous_28)
FNDA:0,(anonymous_29)
FNDA:0,(anonymous_30)
FNDA:0,(anonymous_31)
FNDA:0,(anonymous_32)
FNDA:0,(anonymous_33)
FNDA:0,(anonymous_34)
FNDA:0,(anonymous_35)
FNDA:0,(anonymous_36)
FNDA:0,(anonymous_37)
FNDA:0,(anonymous_38)
FNDA:0,(anonymous_39)
FNDA:0,(anonymous_40)
FNDA:0,(anonymous_41)
FNDA:0,(anonymous_42)
FNDA:0,(anonymous_43)
FNDA:0,(anonymous_44)
FNDA:0,(anonymous_45)
FNDA:0,(anonymous_46)
FNDA:0,(anonymous_47)
FNDA:0,(anonymous_48)
FNDA:0,(anonymous_49)
FNDA:0,(anonymous_50)
FNDA:0,(anonymous_51)
FNDA:0,(anonymous_52)
FNDA:0,(anonymous_53)
FNDA:0,(anonymous_54)
FNDA:0,(anonymous_55)
FNDA:0,(anonymous_56)
FNDA:0,(anonymous_57)
FNDA:0,(anonymous_58)
FNDA:0,(anonymous_59)
FNDA:0,(anonymous_60)
FNDA:0,(anonymous_61)
FNDA:0,(anonymous_62)
FNDA:0,(anonymous_63)
FNDA:0,(anonymous_64)
FNDA:0,(anonymous_65)
FNDA:0,(anonymous_66)
FNDA:0,(anonymous_67)
FNDA:0,(anonymous_68)
FNDA:0,(anonymous_69)
FNDA:0,(anonymous_70)
FNDA:0,(anonymous_71)
FNDA:0,(anonymous_72)
FNDA:0,(anonymous_73)
DA:12,0
DA:13,0
DA:16,0
DA:17,0
DA:23,0
DA:35,0
DA:43,0
DA:47,0
DA:57,0
DA:77,0
DA:85,0
DA:93,0
DA:101,0
DA:109,0
DA:117,0
DA:125,0
DA:137,0
DA:138,0
DA:140,0
DA:141,0
DA:142,0
DA:143,0
DA:145,0
DA:150,0
DA:151,0
DA:159,0
DA:160,0
DA:161,0
DA:163,0
DA:167,0
DA:168,0
DA:171,0
DA:172,0
DA:173,0
DA:177,0
DA:180,0
DA:182,0
DA:194,0
DA:195,0
DA:196,0
DA:197,0
DA:198,0
DA:200,0
DA:206,0
DA:213,0
DA:215,0
DA:216,0
DA:217,0
DA:226,0
DA:227,0
DA:228,0
DA:229,0
DA:231,0
DA:234,0
DA:237,0
DA:238,0
DA:239,0
DA:240,0
DA:241,0
DA:242,0
DA:246,0
DA:249,0
DA:251,0
DA:264,0
DA:265,0
DA:266,0
DA:267,0
DA:268,0
DA:270,0
DA:274,0
DA:281,0
DA:282,0
DA:283,0
DA:284,0
DA:293,0
DA:294,0
DA:295,0
DA:297,0
DA:300,0
DA:301,0
DA:302,0
DA:303,0
DA:304,0
DA:305,0
DA:308,0
DA:311,0
DA:313,0
DA:317,0
DA:321,0
DA:335,0
DA:343,0
DA:351,0
DA:359,0
DA:367,0
DA:375,0
DA:383,0
DA:391,0
DA:399,0
DA:400,0
DA:401,0
DA:403,0
DA:411,0
DA:421,0
DA:431,0
DA:441,0
DA:451,0
DA:452,0
DA:456,0
DA:464,0
DA:465,0
DA:466,0
DA:471,0
DA:479,0
DA:480,0
DA:481,0
DA:482,0
DA:488,0
DA:496,0
DA:499,0
DA:500,0
DA:502,0
DA:510,0
DA:513,0
DA:514,0
DA:516,0
DA:524,0
DA:527,0
DA:528,0
DA:530,0
DA:538,0
DA:539,0
DA:540,0
DA:542,0
DA:551,0
DA:552,0
DA:553,0
DA:554,0
DA:557,0
DA:565,0
DA:566,0
DA:567,0
DA:568,0
DA:569,0
DA:570,0
DA:571,0
DA:572,0
DA:574,0
DA:577,0
DA:579,0
DA:587,0
DA:588,0
DA:589,0
DA:590,0
DA:591,0
DA:593,0
DA:601,0
DA:602,0
DA:603,0
DA:604,0
DA:605,0
DA:606,0
DA:607,0
DA:608,0
DA:609,0
DA:612,0
DA:613,0
DA:614,0
DA:615,0
DA:616,0
DA:617,0
DA:618,0
DA:619,0
DA:622,0
DA:627,0
DA:635,0
DA:636,0
DA:637,0
DA:638,0
DA:639,0
DA:640,0
DA:641,0
DA:642,0
DA:643,0
DA:648,0
DA:649,0
DA:658,0
DA:659,0
DA:660,0
DA:661,0
DA:662,0
DA:663,0
DA:664,0
DA:665,0
DA:666,0
DA:668,0
DA:671,0
DA:674,0
DA:676,0
DA:683,0
DA:684,0
DA:688,0
LF:201
LH:0
BRDA:160,1,0,0
BRDA:160,1,1,0
BRDA:208,2,0,0
BRDA:208,2,1,0
BRDA:227,3,0,0
BRDA:227,3,1,0
BRDA:276,4,0,0
BRDA:276,4,1,0
BRDA:294,5,0,0
BRDA:294,5,1,0
BRDA:351,6,0,0
BRDA:351,6,1,0
BRDA:451,7,0,0
BRDA:451,7,1,0
BRDA:481,8,0,0
BRDA:481,8,1,0
BRDA:484,9,0,0
BRDA:484,9,1,0
BRDA:499,10,0,0
BRDA:499,10,1,0
BRDA:513,11,0,0
BRDA:513,11,1,0
BRDA:527,12,0,0
BRDA:527,12,1,0
BRDA:539,13,0,0
BRDA:539,13,1,0
BRDA:568,14,0,0
BRDA:568,14,1,0
BRDA:603,15,0,0
BRDA:603,15,1,0
BRDA:603,16,0,0
BRDA:603,16,1,0
BRDA:608,17,0,0
BRDA:608,17,1,0
BRDA:615,18,0,0
BRDA:615,18,1,0
BRDA:616,19,0,0
BRDA:616,19,1,0
BRDA:618,20,0,0
BRDA:618,20,1,0
BRDA:618,21,0,0
BRDA:618,21,1,0
BRDA:636,22,0,0
BRDA:636,22,1,0
BRDA:636,23,0,0
BRDA:636,23,1,0
BRDA:638,24,0,0
BRDA:638,24,1,0
BRDA:640,25,0,0
BRDA:640,25,1,0
BRDA:642,26,0,0
BRDA:642,26,1,0
BRDA:642,27,0,0
BRDA:642,27,1,0
BRDA:660,28,0,0
BRDA:660,28,1,0
BRDA:660,29,0,0
BRDA:660,29,1,0
BRDA:660,29,2,0
BRF:59
BRH:0
end_of_record
TN:
SF:/Users/ykwasi/Github/testTiUnit/app/models/productSearch.js
FN:22,(anonymous_1)
FN:31,(anonymous_2)
FN:46,(anonymous_3)
FNF:3
FNH:0
FNDA:0,(anonymous_1)
FNDA:0,(anonymous_2)
FNDA:0,(anonymous_3)
DA:8,0
DA:10,0
DA:12,0
DA:23,0
DA:32,0
DA:33,0
DA:41,0
DA:44,0
DA:47,0
DA:49,0
DA:53,0
DA:54,0
DA:56,0
DA:57,0
LF:14
LH:0
BRDA:35,1,0,0
BRDA:35,1,1,0
BRF:2
BRH:0
end_of_record
TN:
SF:/Users/ykwasi/Github/testTiUnit/app/models/quickStats.js
FN:16,(anonymous_1)
FN:23,(anonymous_2)
FNF:2
FNH:0
FNDA:0,(anonymous_1)
FNDA:0,(anonymous_2)
DA:8,0
DA:17,0
DA:21,0
DA:24,0
DA:28,0
LF:5
LH:0
BRF:0
BRH:0
end_of_record
TN:
SF:/Users/ykwasi/Github/testTiUnit/app/models/recommendations.js
FN:14,(anonymous_1)
FN:22,(anonymous_2)
FN:30,(anonymous_3)
FN:38,(anonymous_4)
FN:46,(anonymous_5)
FN:54,(anonymous_6)
FN:66,(anonymous_7)
FN:79,(anonymous_8)
FN:97,(anonymous_9)
FN:106,(anonymous_10)
FN:112,(anonymous_11)
FN:116,(anonymous_12)
FN:117,(anonymous_13)
FN:123,(anonymous_14)
FN:129,(anonymous_15)
FN:139,(anonymous_16)
FN:147,(anonymous_17)
FN:155,(anonymous_18)
FN:163,(anonymous_19)
FNF:19
FNH:0
FNDA:0,(anonymous_1)
FNDA:0,(anonymous_2)
FNDA:0,(anonymous_3)
FNDA:0,(anonymous_4)
FNDA:0,(anonymous_5)
FNDA:0,(anonymous_6)
FNDA:0,(anonymous_7)
FNDA:0,(anonymous_8)
FNDA:0,(anonymous_9)
FNDA:0,(anonymous_10)
FNDA:0,(anonymous_11)
FNDA:0,(anonymous_12)
FNDA:0,(anonymous_13)
FNDA:0,(anonymous_14)
FNDA:0,(anonymous_15)
FNDA:0,(anonymous_16)
FNDA:0,(anonymous_17)
FNDA:0,(anonymous_18)
FNDA:0,(anonymous_19)
DA:8,0
DA:15,0
DA:23,0
DA:31,0
DA:39,0
DA:47,0
DA:55,0
DA:59,0
DA:67,0
DA:71,0
DA:80,0
DA:98,0
DA:107,0
DA:108,0
DA:109,0
DA:110,0
DA:111,0
DA:112,0
DA:113,0
DA:114,0
DA:116,0
DA:117,0
DA:118,0
DA:122,0
DA:124,0
DA:127,0
DA:130,0
DA:132,0
DA:140,0
DA:148,0
DA:156,0
DA:164,0
DA:168,0
LF:33
LH:0
BRDA:113,1,0,0
BRDA:113,1,1,0
BRDA:113,2,0,0
BRDA:113,2,1,0
BRDA:119,3,0,0
BRDA:119,3,1,0
BRF:6
BRH:0
end_of_record
TN:
SF:/Users/ykwasi/Github/testTiUnit/app/models/recommendedAddress.js
FN:17,(anonymous_1)
FN:26,(anonymous_2)
FN:34,(anonymous_3)
FN:42,(anonymous_4)
FN:50,(anonymous_5)
FN:62,(anonymous_6)
FNF:6
FNH:0
FNDA:0,(anonymous_1)
FNDA:0,(anonymous_2)
FNDA:0,(anonymous_3)
FNDA:0,(anonymous_4)
FNDA:0,(anonymous_5)
FNDA:0,(anonymous_6)
DA:7,0
DA:18,0
DA:27,0
DA:35,0
DA:43,0
DA:51,0
DA:56,0
DA:60,0
DA:63,0
DA:67,0
LF:10
LH:0
BRDA:53,1,0,0
BRDA:53,1,1,0
BRF:2
BRH:0
end_of_record
TN:
SF:/Users/ykwasi/Github/testTiUnit/app/models/retrieveWebOrder.js
FN:20,(anonymous_1)
FNF:1
FNH:0
FNDA:0,(anonymous_1)
DA:8,0
DA:21,0
DA:27,0
LF:3
LH:0
BRF:0
BRH:0
end_of_record
TN:
SF:/Users/ykwasi/Github/testTiUnit/app/models/setProduct.js
FN:19,(anonymous_1)
FN:37,(anonymous_2)
FNF:2
FNH:0
FNDA:0,(anonymous_1)
FNDA:0,(anonymous_2)
DA:8,0
DA:20,0
DA:33,0
DA:38,0
DA:41,0
LF:5
LH:0
BRF:0
BRH:0
end_of_record
TN:
SF:/Users/ykwasi/Github/testTiUnit/app/models/shipment.js
FN:22,(anonymous_1)
FN:40,(anonymous_2)
FNF:2
FNH:0
FNDA:0,(anonymous_1)
FNDA:0,(anonymous_2)
DA:9,0
DA:12,0
DA:23,0
DA:38,0
DA:41,0
DA:44,0
LF:6
LH:0
BRF:0
BRH:0
end_of_record
TN:
SF:/Users/ykwasi/Github/testTiUnit/app/models/shippingAddress.js
FN:21,(anonymous_1)
FN:30,(anonymous_2)
FN:37,(anonymous_3)
FNF:3
FNH:0
FNDA:0,(anonymous_1)
FNDA:0,(anonymous_2)
FNDA:0,(anonymous_3)
DA:8,0
DA:10,0
DA:22,0
DA:31,0
DA:35,0
DA:38,0
DA:41,0
LF:7
LH:0
BRF:0
BRH:0
end_of_record
TN:
SF:/Users/ykwasi/Github/testTiUnit/app/models/shippingMethod.js
FN:18,(anonymous_1)
FN:27,(anonymous_2)
FN:35,(anonymous_3)
FN:43,(anonymous_4)
FN:51,(anonymous_5)
FN:59,(anonymous_6)
FN:67,(anonymous_7)
FN:75,(anonymous_8)
FN:82,(anonymous_9)
FNF:9
FNH:0
FNDA:0,(anonymous_1)
FNDA:0,(anonymous_2)
FNDA:0,(anonymous_3)
FNDA:0,(anonymous_4)
FNDA:0,(anonymous_5)
FNDA:0,(anonymous_6)
FNDA:0,(anonymous_7)
FNDA:0,(anonymous_8)
FNDA:0,(anonymous_9)
DA:8,0
DA:19,0
DA:28,0
DA:36,0
DA:44,0
DA:52,0
DA:60,0
DA:68,0
DA:76,0
DA:80,0
DA:83,0
DA:86,0
LF:12
LH:0
BRDA:36,1,0,0
BRDA:36,1,1,0
BRF:2
BRH:0
end_of_record
TN:
SF:/Users/ykwasi/Github/testTiUnit/app/models/site.js
FN:19,(anonymous_1)
FN:30,(anonymous_2)
FNF:2
FNH:0
FNDA:0,(anonymous_1)
FNDA:0,(anonymous_2)
DA:8,0
DA:20,0
DA:26,0
DA:31,0
DA:34,0
LF:5
LH:0
BRF:0
BRH:0
end_of_record
TN:
SF:/Users/ykwasi/Github/testTiUnit/app/models/store.js
FN:25,(anonymous_1)
FN:35,(anonymous_2)
FN:69,(anonymous_3)
FN:85,(anonymous_4)
FN:108,(anonymous_5)
FN:127,(anonymous_6)
FN:135,(anonymous_7)
FN:143,(anonymous_8)
FN:151,(anonymous_9)
FN:159,(anonymous_10)
FN:168,(anonymous_11)
FN:179,(anonymous_12)
FN:187,(anonymous_13)
FN:220,(anonymous_14)
FN:234,(anonymous_15)
FN:247,(anonymous_16)
FN:255,(anonymous_17)
FN:257,(anonymous_18)
FN:267,(anonymous_19)
FN:275,(anonymous_20)
FN:288,(anonymous_21)
FN:293,(anonymous_22)
FN:302,(anonymous_23)
FN:316,(anonymous_24)
FN:335,(anonymous_25)
FN:351,(anonymous_26)
FN:362,(anonymous_27)
FN:372,(anonymous_28)
FN:378,(anonymous_29)
FN:390,(anonymous_30)
FN:402,(anonymous_31)
FN:405,(anonymous_32)
FN:422,(anonymous_33)
FN:437,(anonymous_34)
FN:439,(anonymous_35)
FN:454,(anonymous_36)
FN:463,(anonymous_37)
FN:464,(anonymous_38)
FN:475,(anonymous_39)
FN:484,(anonymous_40)
FN:495,(anonymous_41)
FN:496,(anonymous_42)
FN:509,(anonymous_43)
FN:510,(anonymous_44)
FN:519,(anonymous_45)
FN:526,(anonymous_46)
FNF:46
FNH:0
FNDA:0,(anonymous_1)
FNDA:0,(anonymous_2)
FNDA:0,(anonymous_3)
FNDA:0,(anonymous_4)
FNDA:0,(anonymous_5)
FNDA:0,(anonymous_6)
FNDA:0,(anonymous_7)
FNDA:0,(anonymous_8)
FNDA:0,(anonymous_9)
FNDA:0,(anonymous_10)
FNDA:0,(anonymous_11)
FNDA:0,(anonymous_12)
FNDA:0,(anonymous_13)
FNDA:0,(anonymous_14)
FNDA:0,(anonymous_15)
FNDA:0,(anonymous_16)
FNDA:0,(anonymous_17)
FNDA:0,(anonymous_18)
FNDA:0,(anonymous_19)
FNDA:0,(anonymous_20)
FNDA:0,(anonymous_21)
FNDA:0,(anonymous_22)
FNDA:0,(anonymous_23)
FNDA:0,(anonymous_24)
FNDA:0,(anonymous_25)
FNDA:0,(anonymous_26)
FNDA:0,(anonymous_27)
FNDA:0,(anonymous_28)
FNDA:0,(anonymous_29)
FNDA:0,(anonymous_30)
FNDA:0,(anonymous_31)
FNDA:0,(anonymous_32)
FNDA:0,(anonymous_33)
FNDA:0,(anonymous_34)
FNDA:0,(anonymous_35)
FNDA:0,(anonymous_36)
FNDA:0,(anonymous_37)
FNDA:0,(anonymous_38)
FNDA:0,(anonymous_39)
FNDA:0,(anonymous_40)
FNDA:0,(anonymous_41)
FNDA:0,(anonymous_42)
FNDA:0,(anonymous_43)
FNDA:0,(anonymous_44)
FNDA:0,(anonymous_45)
FNDA:0,(anonymous_46)
DA:7,0
DA:9,0
DA:11,0
DA:13,0
DA:27,0
DA:36,0
DA:59,0
DA:60,0
DA:62,0
DA:70,0
DA:71,0
DA:77,0
DA:86,0
DA:96,0
DA:97,0
DA:99,0
DA:109,0
DA:120,0
DA:128,0
DA:136,0
DA:144,0
DA:152,0
DA:160,0
DA:169,0
DA:172,0
DA:180,0
DA:188,0
DA:189,0
DA:191,0
DA:193,0
DA:194,0
DA:196,0
DA:198,0
DA:200,0
DA:201,0
DA:203,0
DA:205,0
DA:207,0
DA:208,0
DA:210,0
DA:221,0
DA:235,0
DA:248,0
DA:256,0
DA:257,0
DA:258,0
DA:260,0
DA:268,0
DA:277,0
DA:289,0
DA:294,0
DA:304,0
DA:305,0
DA:306,0
DA:309,0
DA:317,0
DA:323,0
DA:324,0
DA:325,0
DA:327,0
DA:336,0
DA:338,0
DA:339,0
DA:341,0
DA:343,0
DA:352,0
DA:363,0
DA:364,0
DA:365,0
DA:367,0
DA:373,0
DA:374,0
DA:375,0
DA:379,0
DA:381,0
DA:391,0
DA:392,0
DA:403,0
DA:404,0
DA:405,0
DA:406,0
DA:407,0
DA:408,0
DA:412,0
DA:418,0
DA:422,0
DA:423,0
DA:430,0
DA:438,0
DA:439,0
DA:440,0
DA:441,0
DA:442,0
DA:445,0
DA:455,0
DA:464,0
DA:465,0
DA:476,0
DA:477,0
DA:478,0
DA:479,0
DA:480,0
DA:484,0
DA:485,0
DA:488,0
DA:496,0
DA:497,0
DA:498,0
DA:500,0
DA:510,0
DA:511,0
DA:520,0
DA:527,0
DA:530,0
LF:114
LH:0
BRDA:59,1,0,0
BRDA:59,1,1,0
BRDA:96,2,0,0
BRDA:96,2,1,0
BRDA:113,3,0,0
BRDA:113,3,1,0
BRDA:180,4,0,0
BRDA:180,4,1,0
BRDA:191,5,0,0
BRDA:191,5,1,0
BRDA:191,5,2,0
BRDA:193,6,0,0
BRDA:193,6,1,0
BRDA:200,7,0,0
BRDA:200,7,1,0
BRDA:237,8,0,0
BRDA:237,8,1,0
BRDA:304,9,0,0
BRDA:304,9,1,0
BRDA:304,9,2,0
BRDA:305,10,0,0
BRDA:305,10,1,0
BRDA:318,11,0,0
BRDA:318,11,1,0
BRDA:319,12,0,0
BRDA:319,12,1,0
BRDA:320,13,0,0
BRDA:320,13,1,0
BRDA:321,14,0,0
BRDA:321,14,1,0
BRDA:323,15,0,0
BRDA:323,15,1,0
BRDA:323,16,0,0
BRDA:323,16,1,0
BRDA:336,17,0,0
BRDA:336,17,1,0
BRDA:336,18,0,0
BRDA:336,18,1,0
BRDA:339,19,0,0
BRDA:339,19,1,0
BRDA:364,20,0,0
BRDA:364,20,1,0
BRDA:365,21,0,0
BRDA:365,21,1,0
BRDA:373,22,0,0
BRDA:373,22,1,0
BRDA:391,23,0,0
BRDA:391,23,1,0
BRDA:407,24,0,0
BRDA:407,24,1,0
BRDA:441,25,0,0
BRDA:441,25,1,0
BRDA:476,26,0,0
BRDA:476,26,1,0
BRDA:476,27,0,0
BRDA:476,27,1,0
BRDA:479,28,0,0
BRDA:479,28,1,0
BRDA:497,29,0,0
BRDA:497,29,1,0
BRF:60
BRH:0
end_of_record
TN:
SF:/Users/ykwasi/Github/testTiUnit/app/models/storeCountriesStates.js
FN:20,(anonymous_1)
FN:36,(anonymous_2)
FNF:2
FNH:0
FNDA:0,(anonymous_1)
FNDA:0,(anonymous_2)
DA:8,0
DA:22,0
DA:37,0
DA:41,0
LF:4
LH:0
BRF:0
BRH:0
end_of_record
TN:
SF:/Users/ykwasi/Github/testTiUnit/app/models/storeWebOrder.js
FN:20,(anonymous_1)
FNF:1
FNH:0
FNDA:0,(anonymous_1)
DA:8,0
DA:22,0
DA:29,0
LF:3
LH:0
BRF:0
BRH:0
end_of_record
TN:
SF:/Users/ykwasi/Github/testTiUnit/app/models/users.js
FN:10,successFunction
FN:27,(anonymous_2)
FN:41,(anonymous_3)
FN:46,(anonymous_4)
FN:59,(anonymous_5)
FN:64,(anonymous_6)
FN:66,(anonymous_7)
FN:85,(anonymous_8)
FN:96,(anonymous_9)
FN:106,(anonymous_10)
FN:120,(anonymous_11)
FN:125,(anonymous_12)
FN:127,(anonymous_13)
FN:155,(anonymous_14)
FN:164,(anonymous_15)
FN:171,(anonymous_16)
FNF:16
FNH:0
FNDA:0,successFunction
FNDA:0,(anonymous_2)
FNDA:0,(anonymous_3)
FNDA:0,(anonymous_4)
FNDA:0,(anonymous_5)
FNDA:0,(anonymous_6)
FNDA:0,(anonymous_7)
FNDA:0,(anonymous_8)
FNDA:0,(anonymous_9)
FNDA:0,(anonymous_10)
FNDA:0,(anonymous_11)
FNDA:0,(anonymous_12)
FNDA:0,(anonymous_13)
FNDA:0,(anonymous_14)
FNDA:0,(anonymous_15)
FNDA:0,(anonymous_16)
DA:8,0
DA:10,0
DA:11,0
DA:12,0
DA:14,0
DA:17,0
DA:28,0
DA:42,0
DA:43,0
DA:44,0
DA:46,0
DA:47,0
DA:55,0
DA:62,0
DA:64,0
DA:65,0
DA:67,0
DA:68,0
DA:69,0
DA:70,0
DA:71,0
DA:73,0
DA:74,0
DA:76,0
DA:77,0
DA:80,0
DA:86,0
DA:88,0
DA:97,0
DA:98,0
DA:99,0
DA:101,0
DA:105,0
DA:106,0
DA:107,0
DA:116,0
DA:123,0
DA:125,0
DA:126,0
DA:128,0
DA:129,0
DA:130,0
DA:131,0
DA:132,0
DA:134,0
DA:135,0
DA:137,0
DA:138,0
DA:140,0
DA:141,0
DA:143,0
DA:144,0
DA:146,0
DA:147,0
DA:150,0
DA:156,0
DA:158,0
DA:165,0
DA:172,0
DA:173,0
DA:174,0
DA:175,0
DA:176,0
DA:177,0
DA:178,0
DA:179,0
DA:181,0
DA:185,0
LF:68
LH:0
BRDA:11,1,0,0
BRDA:11,1,1,0
BRDA:69,2,0,0
BRDA:69,2,1,0
BRDA:69,3,0,0
BRDA:69,3,1,0
BRDA:71,4,0,0
BRDA:71,4,1,0
BRDA:130,5,0,0
BRDA:130,5,1,0
BRDA:130,6,0,0
BRDA:130,6,1,0
BRDA:132,7,0,0
BRDA:132,7,1,0
BRDA:132,7,2,0
BRDA:132,7,3,0
BRDA:132,7,4,0
BRDA:174,8,0,0
BRDA:174,8,1,0
BRF:19
BRH:0
end_of_record
TN:
SF:/Users/ykwasi/Github/testTiUnit/app/models/validateAddress.js
FN:22,(anonymous_1)
FNF:1
FNH:0
FNDA:0,(anonymous_1)
DA:10,0
DA:23,0
DA:30,0
LF:3
LH:0
BRF:0
BRH:0
end_of_record
